START
[dynet] random seed: 1124390307
[dynet] allocating memory: 512MB
[dynet] memory allocation done.
load data
load model
pid P102	acc 0.0000/0.0000	len_acc 0.0190/0.0190	prompt [X] is lid van de [Y] politieke partij .
pid P102	#fact 200	#notrans 0	#notexist 0	#multiword 200,False	#singleword 0,False	oracle 0.0000	time 21.0
acc per fact 0/200=0.0000	acc per relation 0.0	avg iter 1.0	num_max_mask 7
[dynet] random seed: 2420195977
[dynet] allocating memory: 512MB
[dynet] memory allocation done.
load data
load model
pid P1303	acc 0.0030/0.0030	len_acc 0.1400/0.1400	prompt [X] speelt [Y] .
pid P1303	#fact 200	#notrans 0	#notexist 0	#multiword 148,False	#singleword 52,False	oracle 0.0150	time 20.5
acc per fact 3/200=0.0150	acc per relation 0.0149999999999925	avg iter 1.0	num_max_mask 0
[dynet] random seed: 2784551303
[dynet] allocating memory: 512MB
[dynet] memory allocation done.
load data
load model
pid P159	acc 0.0540/0.0540	len_acc 0.2980/0.2980	prompt Het hoofdkantoor van [X] staat in [Y] .
pid P159	#fact 200	#notrans 0	#notexist 0	#multiword 111,False	#singleword 89,False	oracle 0.2650	time 20.9
acc per fact 53/200=0.2650	acc per relation 0.2649999999998675	avg iter 1.0	num_max_mask 6
[dynet] random seed: 2642841393
[dynet] allocating memory: 512MB
[dynet] memory allocation done.
load data
load model
pid P17	acc 0.0000/0.0000	len_acc 0.0630/0.0630	prompt [X] bevindt zich in [Y] .
pid P17	#fact 200	#notrans 0	#notexist 0	#multiword 196,False	#singleword 4,False	oracle 0.0000	time 20.5
acc per fact 0/200=0.0000	acc per relation 0.0	avg iter 1.0	num_max_mask 0
[dynet] random seed: 2257373663
[dynet] allocating memory: 512MB
[dynet] memory allocation done.
load data
load model
pid P27	acc 0.0000/0.0000	len_acc 0.1150/0.1150	prompt [X] is [Y] burger .
pid P27	#fact 600	#notrans 0	#notexist 0	#multiword 595,False	#singleword 5,False	oracle 0.0000	time 61.9
acc per fact 0/600=0.0000	acc per relation 0.0	avg iter 1.0	num_max_mask 1
[dynet] random seed: 1152390411
[dynet] allocating memory: 512MB
[dynet] memory allocation done.
load data
load model
pid P449	acc 0.0071/0.0071	len_acc 0.0667/0.0667	prompt [X] werd oorspronkelijk uitgezonden op [Y] .
pid P449	#fact 198	#notrans 0	#notexist 2	#multiword 189,False	#singleword 9,False	oracle 0.0354	time 21.0
acc per fact 7/198=0.0354	acc per relation 0.0353535353535175	avg iter 1.0	num_max_mask 0
[dynet] random seed: 212187561
[dynet] allocating memory: 512MB
[dynet] memory allocation done.
load data
load model
pid P495	acc 0.0000/0.0000	len_acc 0.0869/0.0869	prompt [X] is gemaakt in [Y] .
pid P495	#fact 198	#notrans 0	#notexist 2	#multiword 197,False	#singleword 1,False	oracle 0.0000	time 20.8
acc per fact 0/198=0.0000	acc per relation 0.0	avg iter 1.0	num_max_mask 0
[dynet] random seed: 746493810
[dynet] allocating memory: 512MB
[dynet] memory allocation done.
load data
load model
pid P54	acc 0.0000/0.0000	len_acc 0.1340/0.1340	prompt [X] speelt met [Y] .
pid P54	#fact 200	#notrans 0	#notexist 0	#multiword 180,False	#singleword 20,False	oracle 0.0000	time 20.6
acc per fact 0/200=0.0000	acc per relation 0.0	avg iter 1.0	num_max_mask 24
[dynet] random seed: 3485214216
[dynet] allocating memory: 512MB
[dynet] memory allocation done.
load data
load model
pid P102	acc 0.0000/0.0000	len_acc 0.0011/0.0011	prompt [X] is lid van de [Y] politieke partij .
pid P102	#fact 186	#notrans 0	#notexist 0	#multiword 186,False	#singleword 0,False	oracle 0.0000	time 19.5
acc per fact 0/186=0.0000	acc per relation 0.0	avg iter 1.0	num_max_mask 100
[dynet] random seed: 2743624691
[dynet] allocating memory: 512MB
[dynet] memory allocation done.
load data
load model
pid P1303	acc 0.0010/0.0010	len_acc 0.2204/0.2204	prompt [X] speelt [Y] .
pid P1303	#fact 196	#notrans 0	#notexist 1	#multiword 106,False	#singleword 90,False	oracle 0.0051	time 20.2
acc per fact 1/196=0.0051	acc per relation 0.005102040816323928	avg iter 1.0	num_max_mask 3
[dynet] random seed: 4076363739
[dynet] allocating memory: 512MB
[dynet] memory allocation done.
load data
load model
pid P159	acc 0.0119/0.0119	len_acc 0.0865/0.0865	prompt Het hoofdkantoor van [X] staat in [Y] .
pid P159	#fact 185	#notrans 0	#notexist 0	#multiword 174,False	#singleword 11,False	oracle 0.0595	time 19.2
acc per fact 11/185=0.0595	acc per relation 0.05945945945942732	avg iter 1.0	num_max_mask 8
[dynet] random seed: 1125604948
[dynet] allocating memory: 512MB
[dynet] memory allocation done.
load data
load model
pid P17	acc 0.0065/0.0065	len_acc 0.1254/0.1254	prompt [X] bevindt zich in [Y] .
pid P17	#fact 185	#notrans 0	#notexist 0	#multiword 180,False	#singleword 5,False	oracle 0.0324	time 19.2
acc per fact 6/185=0.0324	acc per relation 0.03243243243241491	avg iter 1.0	num_max_mask 0
[dynet] random seed: 2553946066
[dynet] allocating memory: 512MB
[dynet] memory allocation done.
load data
load model
pid P27	acc 0.0000/0.0000	len_acc 0.2027/0.2027	prompt [X] is [Y] burger .
pid P27	#fact 582	#notrans 0	#notexist 1	#multiword 579,False	#singleword 3,False	oracle 0.0000	time 60.5
acc per fact 0/582=0.0000	acc per relation 0.0	avg iter 1.0	num_max_mask 0
[dynet] random seed: 4212875382
[dynet] allocating memory: 512MB
[dynet] memory allocation done.
load data
load model
pid P449	acc 0.0000/0.0000	len_acc 0.2415/0.2415	prompt [X] werd oorspronkelijk uitgezonden op [Y] .
pid P449	#fact 53	#notrans 0	#notexist 2	#multiword 39,False	#singleword 14,False	oracle 0.0000	time 5.5
acc per fact 0/53=0.0000	acc per relation 0.0	avg iter 1.0	num_max_mask 8
[dynet] random seed: 2753842358
[dynet] allocating memory: 512MB
[dynet] memory allocation done.
load data
load model
pid P495	acc 0.0151/0.0151	len_acc 0.1396/0.1396	prompt [X] is gemaakt in [Y] .
pid P495	#fact 53	#notrans 0	#notexist 2	#multiword 48,False	#singleword 5,False	oracle 0.0755	time 5.5
acc per fact 4/53=0.0755	acc per relation 0.07547169811306514	avg iter 1.0	num_max_mask 0
[dynet] random seed: 2365232428
[dynet] allocating memory: 512MB
[dynet] memory allocation done.
load data
load model
pid P54	acc 0.0000/0.0000	len_acc 0.0870/0.0870	prompt [X] speelt met [Y] .
pid P54	#fact 200	#notrans 0	#notexist 0	#multiword 195,False	#singleword 5,False	oracle 0.0000	time 20.7
acc per fact 0/200=0.0000	acc per relation 0.0	avg iter 1.0	num_max_mask 87
[dynet] random seed: 2898850737
[dynet] allocating memory: 512MB
[dynet] memory allocation done.
load data
load model
pid P102	acc 0.0000/0.0000	len_acc 0.0020/0.0020	prompt [X] is lid van de [Y] politieke partij .
pid P102	#fact 200	#notrans 0	#notexist 0	#multiword 200,False	#singleword 0,False	oracle 0.0000	time 20.7
acc per fact 0/200=0.0000	acc per relation 0.0	avg iter 1.0	num_max_mask 133
[dynet] random seed: 544412405
[dynet] allocating memory: 512MB
[dynet] memory allocation done.
load data
load model
pid P1303	acc 0.0010/0.0010	len_acc 0.1660/0.1660	prompt [X] speelt [Y] .
pid P1303	#fact 200	#notrans 0	#notexist 0	#multiword 157,False	#singleword 43,False	oracle 0.0050	time 20.6
acc per fact 1/200=0.0050	acc per relation 0.0049999999999975	avg iter 1.0	num_max_mask 1
[dynet] random seed: 1999906796
[dynet] allocating memory: 512MB
[dynet] memory allocation done.
load data
load model
pid P159	acc 0.0452/0.0452	len_acc 0.4271/0.4271	prompt Het hoofdkantoor van [X] staat in [Y] .
pid P159	#fact 199	#notrans 0	#notexist 0	#multiword 97,False	#singleword 102,False	oracle 0.2261	time 21.1
acc per fact 45/199=0.2261	acc per relation 0.22613065326621803	avg iter 1.0	num_max_mask 8
[dynet] random seed: 1348049011
[dynet] allocating memory: 512MB
[dynet] memory allocation done.
load data
load model
pid P17	acc 0.0160/0.0160	len_acc 0.4350/0.4350	prompt [X] bevindt zich in [Y] .
pid P17	#fact 200	#notrans 0	#notexist 0	#multiword 6,False	#singleword 194,False	oracle 0.0800	time 20.6
acc per fact 16/200=0.0800	acc per relation 0.07999999999996	avg iter 1.0	num_max_mask 0
[dynet] random seed: 4117700906
[dynet] allocating memory: 512MB
[dynet] memory allocation done.
load data
load model
pid P27	acc 0.0000/0.0000	len_acc 0.0517/0.0517	prompt [X] is [Y] burger .
pid P27	#fact 600	#notrans 0	#notexist 0	#multiword 594,False	#singleword 6,False	oracle 0.0000	time 61.2
acc per fact 0/600=0.0000	acc per relation 0.0	avg iter 1.0	num_max_mask 1
[dynet] random seed: 1704968786
[dynet] allocating memory: 512MB
[dynet] memory allocation done.
load data
load model
pid P449	acc 0.0040/0.0040	len_acc 0.1160/0.1160	prompt [X] werd oorspronkelijk uitgezonden op [Y] .
pid P449	#fact 200	#notrans 0	#notexist 0	#multiword 173,False	#singleword 27,False	oracle 0.0200	time 20.9
acc per fact 4/200=0.0200	acc per relation 0.01999999999999	avg iter 1.0	num_max_mask 24
[dynet] random seed: 1407428714
[dynet] allocating memory: 512MB
[dynet] memory allocation done.
load data
load model
pid P495	acc 0.0480/0.0480	len_acc 0.4190/0.4190	prompt [X] is gemaakt in [Y] .
pid P495	#fact 200	#notrans 0	#notexist 0	#multiword 1,False	#singleword 199,False	oracle 0.2400	time 20.9
acc per fact 48/200=0.2400	acc per relation 0.23999999999988	avg iter 1.0	num_max_mask 0
[dynet] random seed: 496794371
[dynet] allocating memory: 512MB
[dynet] memory allocation done.
load data
load model
pid P54	acc 0.0010/0.0010	len_acc 0.1970/0.1970	prompt [X] speelt met [Y] .
pid P54	#fact 200	#notrans 0	#notexist 0	#multiword 182,False	#singleword 18,False	oracle 0.0050	time 20.6
acc per fact 1/200=0.0050	acc per relation 0.0049999999999975	avg iter 1.0	num_max_mask 9
Probing with model language nl,prompt language en,model mbert_base
Prompt P102 done, 1 out of 8 prompts.
Prompt P1303 done, 2 out of 8 prompts.
Prompt P159 done, 3 out of 8 prompts.
Prompt P17 done, 4 out of 8 prompts.
Prompt P27 done, 5 out of 8 prompts.
Prompt P449 done, 6 out of 8 prompts.
Prompt P495 done, 7 out of 8 prompts.
Prompt P54 done, 8 out of 8 prompts.
mbert_base model done.
Prompt language en done.
Probing with model language nl,prompt language hu,model mbert_base
Prompt P102 done, 1 out of 8 prompts.
Prompt P1303 done, 2 out of 8 prompts.
Prompt P159 done, 3 out of 8 prompts.
Prompt P17 done, 4 out of 8 prompts.
Prompt P27 done, 5 out of 8 prompts.
Prompt P449 done, 6 out of 8 prompts.
Prompt P495 done, 7 out of 8 prompts.
Prompt P54 done, 8 out of 8 prompts.
mbert_base model done.
Prompt language hu done.
Probing with model language nl,prompt language nl,model mbert_base
Prompt P102 done, 1 out of 8 prompts.
Prompt P1303 done, 2 out of 8 prompts.
Prompt P159 done, 3 out of 8 prompts.
Prompt P17 done, 4 out of 8 prompts.
Prompt P27 done, 5 out of 8 prompts.
Prompt P449 done, 6 out of 8 prompts.
Prompt P495 done, 7 out of 8 prompts.
Prompt P54 done, 8 out of 8 prompts.
mbert_base model done.
Prompt language nl done.
Model language nl done.
