START
[dynet] random seed: 3786752488
[dynet] allocating memory: 512MB
[dynet] memory allocation done.
load data
load model
pid P102	acc 0.0000/0.0000	len_acc 0.0000/0.0000	prompt [X] is a member of the [Y] political party .
pid P102	#fact 200	#notrans 0	#notexist 0	#multiword 200,False	#singleword 0,False	oracle 0.0000	time 2.1
acc per fact 0/200=0.0000	acc per relation 0.0	avg iter 1.0	num_max_mask 0
[dynet] random seed: 3971629305
[dynet] allocating memory: 512MB
[dynet] memory allocation done.
load data
load model
pid P1303	acc 0.0000/0.0000	len_acc 0.0250/0.0250	prompt [X] plays [Y] .
pid P1303	#fact 200	#notrans 0	#notexist 0	#multiword 124,False	#singleword 76,False	oracle 0.0000	time 1.7
acc per fact 0/200=0.0000	acc per relation 0.0	avg iter 1.0	num_max_mask 0
[dynet] random seed: 2946058519
[dynet] allocating memory: 512MB
[dynet] memory allocation done.
load data
load model
pid P159	acc 0.1000/0.1000	len_acc 0.2400/0.2400	prompt The headquarter of [X] is in [Y] .
pid P159	#fact 200	#notrans 0	#notexist 0	#multiword 110,False	#singleword 90,False	oracle 0.1000	time 1.9
acc per fact 20/200=0.1000	acc per relation 0.09999999999995	avg iter 1.0	num_max_mask 8
[dynet] random seed: 2116047135
[dynet] allocating memory: 512MB
[dynet] memory allocation done.
load data
load model
pid P17	acc 0.0000/0.0000	len_acc 0.1600/0.1600	prompt [X] is located in [Y] .
pid P17	#fact 200	#notrans 0	#notexist 0	#multiword 196,False	#singleword 4,False	oracle 0.0000	time 1.8
acc per fact 0/200=0.0000	acc per relation 0.0	avg iter 1.0	num_max_mask 0
[dynet] random seed: 1546228808
[dynet] allocating memory: 512MB
[dynet] memory allocation done.
load data
load model
pid P27	acc 0.0000/0.0000	len_acc 0.0100/0.0100	prompt [X] is [Y] citizen .
pid P27	#fact 600	#notrans 0	#notexist 0	#multiword 594,False	#singleword 6,False	oracle 0.0000	time 5.2
acc per fact 0/600=0.0000	acc per relation 0.0	avg iter 1.0	num_max_mask 1
[dynet] random seed: 2476628656
[dynet] allocating memory: 512MB
[dynet] memory allocation done.
load data
load model
pid P449	acc 0.0000/0.0000	len_acc 0.0657/0.0657	prompt [X] was originally aired on [Y] .
pid P449	#fact 198	#notrans 0	#notexist 2	#multiword 188,False	#singleword 10,False	oracle 0.0000	time 1.9
acc per fact 0/198=0.0000	acc per relation 0.0	avg iter 1.0	num_max_mask 9
[dynet] random seed: 4095995509
[dynet] allocating memory: 512MB
[dynet] memory allocation done.
load data
load model
pid P495	acc 0.0000/0.0000	len_acc 0.1414/0.1414	prompt [X] was created in [Y] .
pid P495	#fact 198	#notrans 0	#notexist 2	#multiword 197,False	#singleword 1,False	oracle 0.0000	time 1.8
acc per fact 0/198=0.0000	acc per relation 0.0	avg iter 1.0	num_max_mask 0
[dynet] random seed: 3100415309
[dynet] allocating memory: 512MB
[dynet] memory allocation done.
load data
load model
pid P54	acc 0.0000/0.0000	len_acc 0.3050/0.3050	prompt [X] plays with [Y] .
pid P54	#fact 200	#notrans 0	#notexist 0	#multiword 189,False	#singleword 11,False	oracle 0.0000	time 1.7
acc per fact 0/200=0.0000	acc per relation 0.0	avg iter 1.0	num_max_mask 35
[dynet] random seed: 1873527767
[dynet] allocating memory: 512MB
[dynet] memory allocation done.
load data
load model
pid P102	acc 0.0000/0.0000	len_acc 0.0215/0.0215	prompt [X] is a member of the [Y] political party .
pid P102	#fact 186	#notrans 0	#notexist 0	#multiword 186,False	#singleword 0,False	oracle 0.0000	time 1.9
acc per fact 0/186=0.0000	acc per relation 0.0	avg iter 1.0	num_max_mask 16
[dynet] random seed: 4000584816
[dynet] allocating memory: 512MB
[dynet] memory allocation done.
load data
load model
pid P1303	acc 0.0000/0.0000	len_acc 0.0863/0.0863	prompt [X] plays [Y] .
pid P1303	#fact 197	#notrans 0	#notexist 0	#multiword 69,False	#singleword 128,False	oracle 0.0000	time 1.7
acc per fact 0/197=0.0000	acc per relation 0.0	avg iter 1.0	num_max_mask 3
[dynet] random seed: 2248710831
[dynet] allocating memory: 512MB
[dynet] memory allocation done.
load data
load model
pid P159	acc 0.2919/0.2919	len_acc 0.3784/0.3784	prompt The headquarter of [X] is in [Y] .
pid P159	#fact 185	#notrans 0	#notexist 0	#multiword 52,False	#singleword 133,False	oracle 0.2919	time 2.0
acc per fact 54/185=0.2919	acc per relation 0.29189189189173415	avg iter 1.0	num_max_mask 7
[dynet] random seed: 1499123532
[dynet] allocating memory: 512MB
[dynet] memory allocation done.
load data
load model
pid P17	acc 0.0486/0.0486	len_acc 0.2000/0.2000	prompt [X] is located in [Y] .
pid P17	#fact 185	#notrans 0	#notexist 0	#multiword 0,False	#singleword 185,False	oracle 0.0486	time 1.8
acc per fact 9/185=0.0486	acc per relation 0.04864864864862235	avg iter 1.0	num_max_mask 0
[dynet] random seed: 528450089
[dynet] allocating memory: 512MB
[dynet] memory allocation done.
load data
load model
pid P27	acc 0.0000/0.0000	len_acc 0.9845/0.9845	prompt [X] is [Y] citizen .
pid P27	#fact 582	#notrans 0	#notexist 0	#multiword 1,False	#singleword 581,False	oracle 0.0000	time 5.1
acc per fact 0/582=0.0000	acc per relation 0.0	avg iter 1.0	num_max_mask 0
[dynet] random seed: 981726794
[dynet] allocating memory: 512MB
[dynet] memory allocation done.
load data
load model
pid P449	acc 0.0000/0.0000	len_acc 0.3654/0.3654	prompt [X] was originally aired on [Y] .
pid P449	#fact 52	#notrans 0	#notexist 2	#multiword 35,False	#singleword 17,False	oracle 0.0000	time 0.6
acc per fact 0/52=0.0000	acc per relation 0.0	avg iter 1.0	num_max_mask 0
[dynet] random seed: 1095713479
[dynet] allocating memory: 512MB
[dynet] memory allocation done.
load data
load model
pid P495	acc 0.0000/0.0000	len_acc 0.0000/0.0000	prompt [X] was created in [Y] .
pid P495	#fact 52	#notrans 0	#notexist 2	#multiword 4,False	#singleword 48,False	oracle 0.0000	time 0.6
acc per fact 0/52=0.0000	acc per relation 0.0	avg iter 1.0	num_max_mask 0
[dynet] random seed: 2275450571
[dynet] allocating memory: 512MB
[dynet] memory allocation done.
load data
load model
pid P54	acc 0.0000/0.0000	len_acc 0.1156/0.1156	prompt [X] plays with [Y] .
pid P54	#fact 199	#notrans 0	#notexist 0	#multiword 194,False	#singleword 5,False	oracle 0.0000	time 1.8
acc per fact 0/199=0.0000	acc per relation 0.0	avg iter 1.0	num_max_mask 83
[dynet] random seed: 2870153152
[dynet] allocating memory: 512MB
[dynet] memory allocation done.
load data
load model
pid P102	acc 0.0000/0.0000	len_acc 0.0900/0.0900	prompt [X] is a member of the [Y] political party .
pid P102	#fact 200	#notrans 0	#notexist 0	#multiword 200,False	#singleword 0,False	oracle 0.0000	time 2.2
acc per fact 0/200=0.0000	acc per relation 0.0	avg iter 1.0	num_max_mask 30
[dynet] random seed: 2309510020
[dynet] allocating memory: 512MB
[dynet] memory allocation done.
load data
load model
pid P1303	acc 0.0000/0.0000	len_acc 0.0750/0.0750	prompt [X] plays [Y] .
pid P1303	#fact 200	#notrans 0	#notexist 0	#multiword 109,False	#singleword 91,False	oracle 0.0000	time 1.7
acc per fact 0/200=0.0000	acc per relation 0.0	avg iter 1.0	num_max_mask 0
[dynet] random seed: 4212384641
[dynet] allocating memory: 512MB
[dynet] memory allocation done.
load data
load model
pid P159	acc 0.0419/0.0419	len_acc 0.2670/0.2670	prompt The headquarter of [X] is in [Y] .
pid P159	#fact 191	#notrans 0	#notexist 1	#multiword 92,False	#singleword 99,False	oracle 0.0419	time 2.0
acc per fact 8/191=0.0419	acc per relation 0.04188481675390478	avg iter 1.0	num_max_mask 4
[dynet] random seed: 1155870349
[dynet] allocating memory: 512MB
[dynet] memory allocation done.
load data
load model
pid P17	acc 0.0000/0.0000	len_acc 0.0412/0.0412	prompt [X] is located in [Y] .
pid P17	#fact 194	#notrans 0	#notexist 1	#multiword 6,False	#singleword 188,False	oracle 0.0000	time 1.8
acc per fact 0/194=0.0000	acc per relation 0.0	avg iter 1.0	num_max_mask 0
[dynet] random seed: 206229095
[dynet] allocating memory: 512MB
[dynet] memory allocation done.
load data
load model
pid P27	acc 0.0000/0.0000	len_acc 0.0100/0.0100	prompt [X] is [Y] citizen .
pid P27	#fact 600	#notrans 0	#notexist 0	#multiword 593,False	#singleword 7,False	oracle 0.0000	time 5.3
acc per fact 0/600=0.0000	acc per relation 0.0	avg iter 1.0	num_max_mask 0
[dynet] random seed: 389573899
[dynet] allocating memory: 512MB
[dynet] memory allocation done.
load data
load model
pid P449	acc 0.0000/0.0000	len_acc 0.1538/0.1538	prompt [X] was originally aired on [Y] .
pid P449	#fact 91	#notrans 0	#notexist 1	#multiword 79,False	#singleword 12,False	oracle 0.0000	time 0.9
acc per fact 0/91=0.0000	acc per relation 0.0	avg iter 1.0	num_max_mask 13
[dynet] random seed: 2239687315
[dynet] allocating memory: 512MB
[dynet] memory allocation done.
load data
load model
pid P495	acc 0.0000/0.0000	len_acc 0.0761/0.0761	prompt [X] was created in [Y] .
pid P495	#fact 92	#notrans 0	#notexist 1	#multiword 1,False	#singleword 91,False	oracle 0.0000	time 0.9
acc per fact 0/92=0.0000	acc per relation 0.0	avg iter 1.0	num_max_mask 0
[dynet] random seed: 2497033014
[dynet] allocating memory: 512MB
[dynet] memory allocation done.
load data
load model
pid P54	acc 0.0000/0.0000	len_acc 0.1900/0.1900	prompt [X] plays with [Y] .
pid P54	#fact 200	#notrans 0	#notexist 0	#multiword 186,False	#singleword 14,False	oracle 0.0000	time 1.7
acc per fact 0/200=0.0000	acc per relation 0.0	avg iter 1.0	num_max_mask 16
[dynet] random seed: 3814861533
[dynet] allocating memory: 512MB
[dynet] memory allocation done.
load data
load model
pid P102	acc 0.0000/0.0000	len_acc 0.0000/0.0000	prompt [X] tagja a [Y] politikai pártnak .
pid P102	#fact 200	#notrans 0	#notexist 0	#multiword 200,False	#singleword 0,False	oracle 0.0000	time 4.4
acc per fact 0/200=0.0000	acc per relation 0.0	avg iter 1.0	num_max_mask 0
[dynet] random seed: 2790272582
[dynet] allocating memory: 512MB
[dynet] memory allocation done.
load data
load model
pid P1303	acc 0.0000/0.0000	len_acc 0.1900/0.1900	prompt [X] [Y.ON+ESS] játszik .
pid P1303	#fact 200	#notrans 0	#notexist 0	#multiword 162,False	#singleword 38,False	oracle 0.0000	time 3.7
acc per fact 0/200=0.0000	acc per relation 0.0	avg iter 1.0	num_max_mask 0
[dynet] random seed: 3031492426
[dynet] allocating memory: 512MB
[dynet] memory allocation done.
load data
load model
pid P159	acc 0.0000/0.0000	len_acc 0.4141/0.4141	prompt [X] központja [Y.IN+ESS] található .
pid P159	#fact 198	#notrans 0	#notexist 2	#multiword 105,False	#singleword 93,False	oracle 0.0000	time 3.9
acc per fact 0/198=0.0000	acc per relation 0.0	avg iter 1.0	num_max_mask 0
[dynet] random seed: 3098568369
[dynet] allocating memory: 512MB
[dynet] memory allocation done.
load data
load model
pid P17	acc 0.0000/0.0000	len_acc 0.1100/0.1100	prompt [X] [Y.IN+ESS] található .
pid P17	#fact 200	#notrans 0	#notexist 0	#multiword 197,False	#singleword 3,False	oracle 0.0000	time 3.6
acc per fact 0/200=0.0000	acc per relation 0.0	avg iter 1.0	num_max_mask 0
[dynet] random seed: 1387346918
[dynet] allocating memory: 512MB
[dynet] memory allocation done.
load data
load model
pid P27	acc 0.0000/0.0000	len_acc 0.3283/0.3283	prompt [X] egy [Y] állampolgár .
pid P27	#fact 600	#notrans 0	#notexist 0	#multiword 599,False	#singleword 1,False	oracle 0.0000	time 11.9
acc per fact 0/600=0.0000	acc per relation 0.0	avg iter 1.0	num_max_mask 0
[dynet] random seed: 1331844141
[dynet] allocating memory: 512MB
[dynet] memory allocation done.
load data
load model
pid P449	acc 0.0000/0.0000	len_acc 0.0609/0.0609	prompt [X] eredetileg [Y.ON+ESS] sugározták .
pid P449	#fact 197	#notrans 0	#notexist 3	#multiword 187,False	#singleword 10,False	oracle 0.0000	time 4.3
acc per fact 0/197=0.0000	acc per relation 0.0	avg iter 1.0	num_max_mask 0
[dynet] random seed: 2194840912
[dynet] allocating memory: 512MB
[dynet] memory allocation done.
load data
load model
pid P495	acc 0.0000/0.0000	len_acc 0.2234/0.2234	prompt [X.ACC] [Y.IN+ESS] készítették .
pid P495	#fact 197	#notrans 0	#notexist 3	#multiword 196,False	#singleword 1,False	oracle 0.0000	time 3.9
acc per fact 0/197=0.0000	acc per relation 0.0	avg iter 1.0	num_max_mask 0
[dynet] random seed: 2082258635
[dynet] allocating memory: 512MB
[dynet] memory allocation done.
load data
load model
pid P54	acc 0.0000/0.0000	len_acc 0.1020/0.1020	prompt [X] [Y.IN+ESS] játszik .
pid P54	#fact 196	#notrans 0	#notexist 4	#multiword 185,False	#singleword 11,False	oracle 0.0000	time 3.7
acc per fact 0/196=0.0000	acc per relation 0.0	avg iter 1.0	num_max_mask 0
[dynet] random seed: 3083918770
[dynet] allocating memory: 512MB
[dynet] memory allocation done.
load data
load model
pid P102	acc 0.0000/0.0000	len_acc 0.0000/0.0000	prompt [X] tagja a [Y] politikai pártnak .
pid P102	#fact 192	#notrans 0	#notexist 8	#multiword 192,False	#singleword 0,False	oracle 0.0000	time 4.1
acc per fact 0/192=0.0000	acc per relation 0.0	avg iter 1.0	num_max_mask 17
[dynet] random seed: 1357467919
[dynet] allocating memory: 512MB
[dynet] memory allocation done.
load data
load model
pid P1303	acc 0.0000/0.0000	len_acc 0.1200/0.1200	prompt [X] [Y.ON+ESS] játszik .
pid P1303	#fact 200	#notrans 0	#notexist 0	#multiword 191,False	#singleword 9,False	oracle 0.0000	time 3.9
acc per fact 0/200=0.0000	acc per relation 0.0	avg iter 1.0	num_max_mask 0
[dynet] random seed: 1927759877
[dynet] allocating memory: 512MB
[dynet] memory allocation done.
load data
load model
pid P159	acc 0.0000/0.0000	len_acc 0.6181/0.6181	prompt [X] központja [Y.IN+ESS] található .
pid P159	#fact 199	#notrans 0	#notexist 1	#multiword 54,False	#singleword 145,False	oracle 0.0000	time 4.8
acc per fact 0/199=0.0000	acc per relation 0.0	avg iter 1.0	num_max_mask 0
[dynet] random seed: 1396143524
[dynet] allocating memory: 512MB
[dynet] memory allocation done.
load data
load model
pid P17	acc 0.0000/0.0000	len_acc 0.4975/0.4975	prompt [X] [Y.IN+ESS] található .
pid P17	#fact 199	#notrans 0	#notexist 1	#multiword 1,False	#singleword 198,False	oracle 0.0000	time 4.4
acc per fact 0/199=0.0000	acc per relation 0.0	avg iter 1.0	num_max_mask 0
[dynet] random seed: 4087258505
[dynet] allocating memory: 512MB
[dynet] memory allocation done.
load data
load model
pid P27	acc 0.0000/0.0000	len_acc 0.9450/0.9450	prompt [X] egy [Y] állampolgár .
pid P27	#fact 600	#notrans 0	#notexist 0	#multiword 5,False	#singleword 595,False	oracle 0.0000	time 12.1
acc per fact 0/600=0.0000	acc per relation 0.0	avg iter 1.0	num_max_mask 0
[dynet] random seed: 2024420864
[dynet] allocating memory: 512MB
[dynet] memory allocation done.
load data
load model
pid P449	acc 0.0000/0.0000	len_acc 0.1913/0.1913	prompt [X] eredetileg [Y.ON+ESS] sugározták .
pid P449	#fact 115	#notrans 0	#notexist 5	#multiword 84,False	#singleword 31,False	oracle 0.0000	time 2.7
acc per fact 0/115=0.0000	acc per relation 0.0	avg iter 1.0	num_max_mask 0
[dynet] random seed: 1898607026
[dynet] allocating memory: 512MB
[dynet] memory allocation done.
load data
load model
pid P495	acc 0.0000/0.0000	len_acc 0.6609/0.6609	prompt [X.ACC] [Y.IN+ESS] készítették .
pid P495	#fact 115	#notrans 0	#notexist 5	#multiword 4,False	#singleword 111,False	oracle 0.0000	time 2.5
acc per fact 0/115=0.0000	acc per relation 0.0	avg iter 1.0	num_max_mask 0
[dynet] random seed: 732402324
[dynet] allocating memory: 512MB
[dynet] memory allocation done.
load data
load model
pid P54	acc 0.0000/0.0000	len_acc 0.0201/0.0201	prompt [X] [Y.IN+ESS] játszik .
pid P54	#fact 199	#notrans 0	#notexist 1	#multiword 194,False	#singleword 5,False	oracle 0.0000	time 3.8
acc per fact 0/199=0.0000	acc per relation 0.0	avg iter 1.0	num_max_mask 1
[dynet] random seed: 1459270913
[dynet] allocating memory: 512MB
[dynet] memory allocation done.
load data
load model
pid P102	acc 0.0000/0.0000	len_acc 0.0050/0.0050	prompt [X] tagja a [Y] politikai pártnak .
pid P102	#fact 200	#notrans 0	#notexist 0	#multiword 200,False	#singleword 0,False	oracle 0.0000	time 4.5
acc per fact 0/200=0.0000	acc per relation 0.0	avg iter 1.0	num_max_mask 56
[dynet] random seed: 2270643202
[dynet] allocating memory: 512MB
[dynet] memory allocation done.
load data
load model
pid P1303	acc 0.0000/0.0000	len_acc 0.1650/0.1650	prompt [X] [Y.ON+ESS] játszik .
pid P1303	#fact 200	#notrans 0	#notexist 0	#multiword 191,False	#singleword 9,False	oracle 0.0000	time 3.8
acc per fact 0/200=0.0000	acc per relation 0.0	avg iter 1.0	num_max_mask 0
[dynet] random seed: 1212909206
[dynet] allocating memory: 512MB
[dynet] memory allocation done.
load data
load model
pid P159	acc 0.0000/0.0000	len_acc 0.2500/0.2500	prompt [X] központja [Y.IN+ESS] található .
pid P159	#fact 192	#notrans 0	#notexist 1	#multiword 140,False	#singleword 52,False	oracle 0.0000	time 4.1
acc per fact 0/192=0.0000	acc per relation 0.0	avg iter 1.0	num_max_mask 0
[dynet] random seed: 481692652
[dynet] allocating memory: 512MB
[dynet] memory allocation done.
load data
load model
pid P17	acc 0.0000/0.0000	len_acc 0.3179/0.3179	prompt [X] [Y.IN+ESS] található .
pid P17	#fact 195	#notrans 0	#notexist 1	#multiword 185,False	#singleword 10,False	oracle 0.0000	time 3.8
acc per fact 0/195=0.0000	acc per relation 0.0	avg iter 1.0	num_max_mask 0
[dynet] random seed: 3877156024
[dynet] allocating memory: 512MB
[dynet] memory allocation done.
load data
load model
pid P27	acc 0.0000/0.0000	len_acc 0.4617/0.4617	prompt [X] egy [Y] állampolgár .
pid P27	#fact 600	#notrans 0	#notexist 0	#multiword 599,False	#singleword 1,False	oracle 0.0000	time 12.2
acc per fact 0/600=0.0000	acc per relation 0.0	avg iter 1.0	num_max_mask 0
[dynet] random seed: 4120519954
[dynet] allocating memory: 512MB
[dynet] memory allocation done.
load data
load model
pid P449	acc 0.0000/0.0000	len_acc 0.1209/0.1209	prompt [X] eredetileg [Y.ON+ESS] sugározták .
pid P449	#fact 91	#notrans 0	#notexist 1	#multiword 79,False	#singleword 12,False	oracle 0.0000	time 2.0
acc per fact 0/91=0.0000	acc per relation 0.0	avg iter 1.0	num_max_mask 0
[dynet] random seed: 1450274566
[dynet] allocating memory: 512MB
[dynet] memory allocation done.
load data
load model
pid P495	acc 0.0000/0.0000	len_acc 0.3913/0.3913	prompt [X.ACC] [Y.IN+ESS] készítették .
pid P495	#fact 92	#notrans 0	#notexist 1	#multiword 89,False	#singleword 3,False	oracle 0.0000	time 1.9
acc per fact 0/92=0.0000	acc per relation 0.0	avg iter 1.0	num_max_mask 0
[dynet] random seed: 1806675959
[dynet] allocating memory: 512MB
[dynet] memory allocation done.
load data
load model
pid P54	acc 0.0000/0.0000	len_acc 0.1800/0.1800	prompt [X] [Y.IN+ESS] játszik .
pid P54	#fact 200	#notrans 0	#notexist 0	#multiword 184,False	#singleword 16,False	oracle 0.0000	time 3.8
acc per fact 0/200=0.0000	acc per relation 0.0	avg iter 1.0	num_max_mask 0
[dynet] random seed: 3052602879
[dynet] allocating memory: 512MB
[dynet] memory allocation done.
load data
load model
pid P102	acc 0.0000/0.0000	len_acc 0.0050/0.0050	prompt [X] is lid van de [Y] politieke partij .
pid P102	#fact 200	#notrans 0	#notexist 0	#multiword 200,False	#singleword 0,False	oracle 0.0000	time 2.1
acc per fact 0/200=0.0000	acc per relation 0.0	avg iter 1.0	num_max_mask 7
[dynet] random seed: 1590724248
[dynet] allocating memory: 512MB
[dynet] memory allocation done.
load data
load model
pid P1303	acc 0.0000/0.0000	len_acc 0.0650/0.0650	prompt [X] speelt [Y] .
pid P1303	#fact 200	#notrans 0	#notexist 0	#multiword 148,False	#singleword 52,False	oracle 0.0000	time 1.7
acc per fact 0/200=0.0000	acc per relation 0.0	avg iter 1.0	num_max_mask 0
[dynet] random seed: 2409616038
[dynet] allocating memory: 512MB
[dynet] memory allocation done.
load data
load model
pid P159	acc 0.2000/0.2000	len_acc 0.3900/0.3900	prompt Het hoofdkantoor van [X] staat in [Y] .
pid P159	#fact 200	#notrans 0	#notexist 0	#multiword 111,False	#singleword 89,False	oracle 0.1950	time 2.0
acc per fact 39/200=0.1950	acc per relation 0.1949999999999025	avg iter 1.0	num_max_mask 6
[dynet] random seed: 3082807500
[dynet] allocating memory: 512MB
[dynet] memory allocation done.
load data
load model
pid P17	acc 0.0000/0.0000	len_acc 0.1150/0.1150	prompt [X] bevindt zich in [Y] .
pid P17	#fact 200	#notrans 0	#notexist 0	#multiword 196,False	#singleword 4,False	oracle 0.0000	time 1.8
acc per fact 0/200=0.0000	acc per relation 0.0	avg iter 1.0	num_max_mask 0
[dynet] random seed: 2602973863
[dynet] allocating memory: 512MB
[dynet] memory allocation done.
load data
load model
pid P27	acc 0.0000/0.0000	len_acc 0.0083/0.0083	prompt [X] is [Y] burger .
pid P27	#fact 600	#notrans 0	#notexist 0	#multiword 595,False	#singleword 5,False	oracle 0.0000	time 5.3
acc per fact 0/600=0.0000	acc per relation 0.0	avg iter 1.0	num_max_mask 1
[dynet] random seed: 3320515594
[dynet] allocating memory: 512MB
[dynet] memory allocation done.
load data
load model
pid P449	acc 0.0202/0.0202	len_acc 0.0758/0.0758	prompt [X] werd oorspronkelijk uitgezonden op [Y] .
pid P449	#fact 198	#notrans 0	#notexist 2	#multiword 189,False	#singleword 9,False	oracle 0.0202	time 1.9
acc per fact 4/198=0.0202	acc per relation 0.02020202020201	avg iter 1.0	num_max_mask 0
[dynet] random seed: 392998046
[dynet] allocating memory: 512MB
[dynet] memory allocation done.
load data
load model
pid P495	acc 0.0000/0.0000	len_acc 0.1212/0.1212	prompt [X] is gemaakt in [Y] .
pid P495	#fact 198	#notrans 0	#notexist 2	#multiword 197,False	#singleword 1,False	oracle 0.0000	time 1.8
acc per fact 0/198=0.0000	acc per relation 0.0	avg iter 1.0	num_max_mask 0
[dynet] random seed: 3087320911
[dynet] allocating memory: 512MB
[dynet] memory allocation done.
load data
load model
pid P54	acc 0.0000/0.0000	len_acc 0.1900/0.1900	prompt [X] speelt met [Y] .
pid P54	#fact 200	#notrans 0	#notexist 0	#multiword 180,False	#singleword 20,False	oracle 0.0000	time 1.7
acc per fact 0/200=0.0000	acc per relation 0.0	avg iter 1.0	num_max_mask 24
[dynet] random seed: 1892867754
[dynet] allocating memory: 512MB
[dynet] memory allocation done.
load data
load model
pid P102	acc 0.0000/0.0000	len_acc 0.0000/0.0000	prompt [X] is lid van de [Y] politieke partij .
pid P102	#fact 186	#notrans 0	#notexist 0	#multiword 186,False	#singleword 0,False	oracle 0.0000	time 1.9
acc per fact 0/186=0.0000	acc per relation 0.0	avg iter 1.0	num_max_mask 100
[dynet] random seed: 601357959
[dynet] allocating memory: 512MB
[dynet] memory allocation done.
load data
load model
pid P1303	acc 0.0000/0.0000	len_acc 0.2092/0.2092	prompt [X] speelt [Y] .
pid P1303	#fact 196	#notrans 0	#notexist 1	#multiword 106,False	#singleword 90,False	oracle 0.0000	time 1.7
acc per fact 0/196=0.0000	acc per relation 0.0	avg iter 1.0	num_max_mask 3
[dynet] random seed: 4260991568
[dynet] allocating memory: 512MB
[dynet] memory allocation done.
load data
load model
pid P159	acc 0.0541/0.0541	len_acc 0.2054/0.2054	prompt Het hoofdkantoor van [X] staat in [Y] .
pid P159	#fact 185	#notrans 0	#notexist 0	#multiword 174,False	#singleword 11,False	oracle 0.0541	time 2.1
acc per fact 10/185=0.0541	acc per relation 0.05405405405402484	avg iter 1.0	num_max_mask 8
[dynet] random seed: 1410071032
[dynet] allocating memory: 512MB
[dynet] memory allocation done.
load data
load model
pid P17	acc 0.0216/0.0216	len_acc 0.1676/0.1676	prompt [X] bevindt zich in [Y] .
pid P17	#fact 185	#notrans 0	#notexist 0	#multiword 180,False	#singleword 5,False	oracle 0.0216	time 1.9
acc per fact 4/185=0.0216	acc per relation 0.021621621621609934	avg iter 1.0	num_max_mask 0
[dynet] random seed: 3489588890
[dynet] allocating memory: 512MB
[dynet] memory allocation done.
load data
load model
pid P27	acc 0.0000/0.0000	len_acc 0.0103/0.0103	prompt [X] is [Y] burger .
pid P27	#fact 582	#notrans 0	#notexist 1	#multiword 579,False	#singleword 3,False	oracle 0.0000	time 5.2
acc per fact 0/582=0.0000	acc per relation 0.0	avg iter 1.0	num_max_mask 0
[dynet] random seed: 2717815347
[dynet] allocating memory: 512MB
[dynet] memory allocation done.
load data
load model
pid P449	acc 0.0000/0.0000	len_acc 0.2830/0.2830	prompt [X] werd oorspronkelijk uitgezonden op [Y] .
pid P449	#fact 53	#notrans 0	#notexist 2	#multiword 39,False	#singleword 14,False	oracle 0.0000	time 0.6
acc per fact 0/53=0.0000	acc per relation 0.0	avg iter 1.0	num_max_mask 8
[dynet] random seed: 3152332952
[dynet] allocating memory: 512MB
[dynet] memory allocation done.
load data
load model
pid P495	acc 0.0755/0.0755	len_acc 0.2075/0.2075	prompt [X] is gemaakt in [Y] .
pid P495	#fact 53	#notrans 0	#notexist 2	#multiword 48,False	#singleword 5,False	oracle 0.0755	time 0.6
acc per fact 4/53=0.0755	acc per relation 0.07547169811306514	avg iter 1.0	num_max_mask 0
[dynet] random seed: 4233314974
[dynet] allocating memory: 512MB
[dynet] memory allocation done.
load data
load model
pid P54	acc 0.0000/0.0000	len_acc 0.1500/0.1500	prompt [X] speelt met [Y] .
pid P54	#fact 200	#notrans 0	#notexist 0	#multiword 195,False	#singleword 5,False	oracle 0.0000	time 1.8
acc per fact 0/200=0.0000	acc per relation 0.0	avg iter 1.0	num_max_mask 87
[dynet] random seed: 386208041
[dynet] allocating memory: 512MB
[dynet] memory allocation done.
load data
load model
pid P102	acc 0.0000/0.0000	len_acc 0.0050/0.0050	prompt [X] is lid van de [Y] politieke partij .
pid P102	#fact 200	#notrans 0	#notexist 0	#multiword 200,False	#singleword 0,False	oracle 0.0000	time 2.1
acc per fact 0/200=0.0000	acc per relation 0.0	avg iter 1.0	num_max_mask 133
[dynet] random seed: 1049639006
[dynet] allocating memory: 512MB
[dynet] memory allocation done.
load data
load model
pid P1303	acc 0.0000/0.0000	len_acc 0.1350/0.1350	prompt [X] speelt [Y] .
pid P1303	#fact 200	#notrans 0	#notexist 0	#multiword 157,False	#singleword 43,False	oracle 0.0000	time 1.7
acc per fact 0/200=0.0000	acc per relation 0.0	avg iter 1.0	num_max_mask 1
[dynet] random seed: 3853380921
[dynet] allocating memory: 512MB
[dynet] memory allocation done.
load data
load model
pid P159	acc 0.1055/0.1055	len_acc 0.4221/0.4221	prompt Het hoofdkantoor van [X] staat in [Y] .
pid P159	#fact 199	#notrans 0	#notexist 0	#multiword 97,False	#singleword 102,False	oracle 0.1055	time 2.0
acc per fact 21/199=0.1055	acc per relation 0.10552763819090175	avg iter 1.0	num_max_mask 8
[dynet] random seed: 236324745
[dynet] allocating memory: 512MB
[dynet] memory allocation done.
load data
load model
pid P17	acc 0.0050/0.0050	len_acc 0.2450/0.2450	prompt [X] bevindt zich in [Y] .
pid P17	#fact 200	#notrans 0	#notexist 0	#multiword 6,False	#singleword 194,False	oracle 0.0050	time 1.9
acc per fact 1/200=0.0050	acc per relation 0.0049999999999975	avg iter 1.0	num_max_mask 0
[dynet] random seed: 45740084
[dynet] allocating memory: 512MB
[dynet] memory allocation done.
load data
load model
pid P27	acc 0.0000/0.0000	len_acc 0.0133/0.0133	prompt [X] is [Y] burger .
pid P27	#fact 600	#notrans 0	#notexist 0	#multiword 594,False	#singleword 6,False	oracle 0.0000	time 5.4
acc per fact 0/600=0.0000	acc per relation 0.0	avg iter 1.0	num_max_mask 1
[dynet] random seed: 2279117026
[dynet] allocating memory: 512MB
[dynet] memory allocation done.
load data
load model
pid P449	acc 0.0050/0.0050	len_acc 0.1600/0.1600	prompt [X] werd oorspronkelijk uitgezonden op [Y] .
pid P449	#fact 200	#notrans 0	#notexist 0	#multiword 173,False	#singleword 27,False	oracle 0.0050	time 2.0
acc per fact 1/200=0.0050	acc per relation 0.0049999999999975	avg iter 1.0	num_max_mask 24
[dynet] random seed: 2328882900
[dynet] allocating memory: 512MB
[dynet] memory allocation done.
load data
load model
pid P495	acc 0.1200/0.1200	len_acc 0.2100/0.2100	prompt [X] is gemaakt in [Y] .
pid P495	#fact 200	#notrans 0	#notexist 0	#multiword 1,False	#singleword 199,False	oracle 0.1200	time 1.9
acc per fact 24/200=0.1200	acc per relation 0.11999999999994	avg iter 1.0	num_max_mask 0
[dynet] random seed: 809543829
[dynet] allocating memory: 512MB
[dynet] memory allocation done.
load data
load model
pid P54	acc 0.0000/0.0000	len_acc 0.4600/0.4600	prompt [X] speelt met [Y] .
pid P54	#fact 200	#notrans 0	#notexist 0	#multiword 182,False	#singleword 18,False	oracle 0.0000	time 1.8
acc per fact 0/200=0.0000	acc per relation 0.0	avg iter 1.0	num_max_mask 9
Prompt P102 done, 1 out of 8 prompts.
Prompt P1303 done, 2 out of 8 prompts.
Prompt P159 done, 3 out of 8 prompts.
Prompt P17 done, 4 out of 8 prompts.
Prompt P27 done, 5 out of 8 prompts.
Prompt P449 done, 6 out of 8 prompts.
Prompt P495 done, 7 out of 8 prompts.
Prompt P54 done, 8 out of 8 prompts.
Prompt language en done.
Prompt P102 done, 1 out of 8 prompts.
Prompt P1303 done, 2 out of 8 prompts.
Prompt P159 done, 3 out of 8 prompts.
Prompt P17 done, 4 out of 8 prompts.
Prompt P27 done, 5 out of 8 prompts.
Prompt P449 done, 6 out of 8 prompts.
Prompt P495 done, 7 out of 8 prompts.
Prompt P54 done, 8 out of 8 prompts.
Prompt language hu done.
Prompt P102 done, 1 out of 8 prompts.
Prompt P1303 done, 2 out of 8 prompts.
Prompt P159 done, 3 out of 8 prompts.
Prompt P17 done, 4 out of 8 prompts.
Prompt P27 done, 5 out of 8 prompts.
Prompt P449 done, 6 out of 8 prompts.
Prompt P495 done, 7 out of 8 prompts.
Prompt P54 done, 8 out of 8 prompts.
Prompt language nl done.
Model language en done.
Prompt P102 done, 1 out of 8 prompts.
Prompt P1303 done, 2 out of 8 prompts.
Prompt P159 done, 3 out of 8 prompts.
Prompt P17 done, 4 out of 8 prompts.
Prompt P27 done, 5 out of 8 prompts.
Prompt P449 done, 6 out of 8 prompts.
Prompt P495 done, 7 out of 8 prompts.
Prompt P54 done, 8 out of 8 prompts.
Prompt language en done.
Prompt P102 done, 1 out of 8 prompts.
Prompt P1303 done, 2 out of 8 prompts.
Prompt P159 done, 3 out of 8 prompts.
Prompt P17 done, 4 out of 8 prompts.
Prompt P27 done, 5 out of 8 prompts.
Prompt P449 done, 6 out of 8 prompts.
Prompt P495 done, 7 out of 8 prompts.
Prompt P54 done, 8 out of 8 prompts.
Prompt language hu done.
Prompt P102 done, 1 out of 8 prompts.
Prompt P1303 done, 2 out of 8 prompts.
Prompt P159 done, 3 out of 8 prompts.
Prompt P17 done, 4 out of 8 prompts.
Prompt P27 done, 5 out of 8 prompts.
Prompt P449 done, 6 out of 8 prompts.
Prompt P495 done, 7 out of 8 prompts.
Prompt P54 done, 8 out of 8 prompts.
Prompt language nl done.
Model language hu done.
Prompt P102 done, 1 out of 8 prompts.
Prompt P1303 done, 2 out of 8 prompts.
Prompt P159 done, 3 out of 8 prompts.
Prompt P17 done, 4 out of 8 prompts.
Prompt P27 done, 5 out of 8 prompts.
Prompt P449 done, 6 out of 8 prompts.
Prompt P495 done, 7 out of 8 prompts.
Prompt P54 done, 8 out of 8 prompts.
Prompt language en done.
Prompt P102 done, 1 out of 8 prompts.
Prompt P1303 done, 2 out of 8 prompts.
Prompt P159 done, 3 out of 8 prompts.
Prompt P17 done, 4 out of 8 prompts.
Prompt P27 done, 5 out of 8 prompts.
Prompt P449 done, 6 out of 8 prompts.
Prompt P495 done, 7 out of 8 prompts.
Prompt P54 done, 8 out of 8 prompts.
Prompt language hu done.
Prompt P102 done, 1 out of 8 prompts.
Prompt P1303 done, 2 out of 8 prompts.
Prompt P159 done, 3 out of 8 prompts.
Prompt P17 done, 4 out of 8 prompts.
Prompt P27 done, 5 out of 8 prompts.
Prompt P449 done, 6 out of 8 prompts.
Prompt P495 done, 7 out of 8 prompts.
Prompt P54 done, 8 out of 8 prompts.
Prompt language nl done.
Model language nl done.
