START
[dynet] random seed: 1076285041
[dynet] allocating memory: 512MB
[dynet] memory allocation done.
load data
load model
pid P102	acc 0.0000/0.0000	len_acc 0.0000/0.0000	prompt [X] is a member of the [Y] political party .
pid P102	#fact 200	#notrans 0	#notexist 0	#multiword 200,False	#singleword 0,False	oracle 0.0000	time 2.1
acc per fact 0/200=0.0000	acc per relation 0.0	avg iter 1.0	num_max_mask 0
[dynet] random seed: 3133582542
[dynet] allocating memory: 512MB
[dynet] memory allocation done.
load data
load model
pid P1303	acc 0.0000/0.0000	len_acc 0.0250/0.0250	prompt [X] plays [Y] .
pid P1303	#fact 200	#notrans 0	#notexist 0	#multiword 124,False	#singleword 76,False	oracle 0.0000	time 1.7
acc per fact 0/200=0.0000	acc per relation 0.0	avg iter 1.0	num_max_mask 0
[dynet] random seed: 407364650
[dynet] allocating memory: 512MB
[dynet] memory allocation done.
load data
load model
pid P159	acc 0.1000/0.1000	len_acc 0.2400/0.2400	prompt The headquarter of [X] is in [Y] .
pid P159	#fact 200	#notrans 0	#notexist 0	#multiword 110,False	#singleword 90,False	oracle 0.1000	time 2.0
acc per fact 20/200=0.1000	acc per relation 0.09999999999995	avg iter 1.0	num_max_mask 8
[dynet] random seed: 1129726516
[dynet] allocating memory: 512MB
[dynet] memory allocation done.
load data
load model
pid P17	acc 0.0000/0.0000	len_acc 0.1600/0.1600	prompt [X] is located in [Y] .
pid P17	#fact 200	#notrans 0	#notexist 0	#multiword 196,False	#singleword 4,False	oracle 0.0000	time 1.8
acc per fact 0/200=0.0000	acc per relation 0.0	avg iter 1.0	num_max_mask 0
[dynet] random seed: 1019855380
[dynet] allocating memory: 512MB
[dynet] memory allocation done.
load data
load model
pid P27	acc 0.0000/0.0000	len_acc 0.0100/0.0100	prompt [X] is [Y] citizen .
pid P27	#fact 600	#notrans 0	#notexist 0	#multiword 594,False	#singleword 6,False	oracle 0.0000	time 5.3
acc per fact 0/600=0.0000	acc per relation 0.0	avg iter 1.0	num_max_mask 1
[dynet] random seed: 268984974
[dynet] allocating memory: 512MB
[dynet] memory allocation done.
load data
load model
pid P449	acc 0.0000/0.0000	len_acc 0.0657/0.0657	prompt [X] was originally aired on [Y] .
pid P449	#fact 198	#notrans 0	#notexist 2	#multiword 188,False	#singleword 10,False	oracle 0.0000	time 1.9
acc per fact 0/198=0.0000	acc per relation 0.0	avg iter 1.0	num_max_mask 9
[dynet] random seed: 4093321024
[dynet] allocating memory: 512MB
[dynet] memory allocation done.
load data
load model
pid P495	acc 0.0000/0.0000	len_acc 0.1414/0.1414	prompt [X] was created in [Y] .
pid P495	#fact 198	#notrans 0	#notexist 2	#multiword 197,False	#singleword 1,False	oracle 0.0000	time 1.8
acc per fact 0/198=0.0000	acc per relation 0.0	avg iter 1.0	num_max_mask 0
[dynet] random seed: 1299523137
[dynet] allocating memory: 512MB
[dynet] memory allocation done.
load data
load model
pid P54	acc 0.0000/0.0000	len_acc 0.3050/0.3050	prompt [X] plays with [Y] .
pid P54	#fact 200	#notrans 0	#notexist 0	#multiword 189,False	#singleword 11,False	oracle 0.0000	time 1.7
acc per fact 0/200=0.0000	acc per relation 0.0	avg iter 1.0	num_max_mask 35
[dynet] random seed: 3362023858
[dynet] allocating memory: 512MB
[dynet] memory allocation done.
load data
load model
pid P102	acc 0.0000/0.0000	len_acc 0.0900/0.0900	prompt [X] is a member of the [Y] political party .
pid P102	#fact 200	#notrans 0	#notexist 0	#multiword 200,False	#singleword 0,False	oracle 0.0000	time 7.2
acc per fact 0/200=0.0000	acc per relation 0.0	avg iter 4.4	num_max_mask 0
[dynet] random seed: 2067406028
[dynet] allocating memory: 512MB
[dynet] memory allocation done.
load data
load model
pid P1303	acc 0.0000/0.0000	len_acc 0.0750/0.0750	prompt [X] plays [Y] .
pid P1303	#fact 200	#notrans 0	#notexist 0	#multiword 124,False	#singleword 76,False	oracle 0.0000	time 5.9
acc per fact 0/200=0.0000	acc per relation 0.0	avg iter 4.4	num_max_mask 0
[dynet] random seed: 2805277205
[dynet] allocating memory: 512MB
[dynet] memory allocation done.
load data
load model
pid P159	acc 0.0850/0.0850	len_acc 0.1750/0.1750	prompt The headquarter of [X] is in [Y] .
pid P159	#fact 200	#notrans 0	#notexist 0	#multiword 110,False	#singleword 90,False	oracle 0.0850	time 6.8
acc per fact 17/200=0.0850	acc per relation 0.0849999999999575	avg iter 4.4	num_max_mask 8
[dynet] random seed: 1074566783
[dynet] allocating memory: 512MB
[dynet] memory allocation done.
load data
load model
pid P17	acc 0.0000/0.0000	len_acc 0.2350/0.2350	prompt [X] is located in [Y] .
pid P17	#fact 200	#notrans 0	#notexist 0	#multiword 196,False	#singleword 4,False	oracle 0.0000	time 6.0
acc per fact 0/200=0.0000	acc per relation 0.0	avg iter 4.4	num_max_mask 0
[dynet] random seed: 3494127726
[dynet] allocating memory: 512MB
[dynet] memory allocation done.
load data
load model
pid P27	acc 0.0000/0.0000	len_acc 0.0100/0.0100	prompt [X] is [Y] citizen .
pid P27	#fact 600	#notrans 0	#notexist 0	#multiword 594,False	#singleword 6,False	oracle 0.0000	time 18.3
acc per fact 0/600=0.0000	acc per relation 0.0	avg iter 4.4	num_max_mask 1
[dynet] random seed: 1366743286
[dynet] allocating memory: 512MB
[dynet] memory allocation done.
load data
load model
pid P449	acc 0.0051/0.0051	len_acc 0.2323/0.2323	prompt [X] was originally aired on [Y] .
pid P449	#fact 198	#notrans 0	#notexist 2	#multiword 188,False	#singleword 10,False	oracle 0.0051	time 6.5
acc per fact 1/198=0.0051	acc per relation 0.0050505050505025	avg iter 4.4	num_max_mask 9
[dynet] random seed: 553546088
[dynet] allocating memory: 512MB
[dynet] memory allocation done.
load data
load model
pid P495	acc 0.0000/0.0000	len_acc 0.0707/0.0707	prompt [X] was created in [Y] .
pid P495	#fact 198	#notrans 0	#notexist 2	#multiword 197,False	#singleword 1,False	oracle 0.0000	time 6.4
acc per fact 0/198=0.0000	acc per relation 0.0	avg iter 4.4	num_max_mask 0
[dynet] random seed: 996759199
[dynet] allocating memory: 512MB
[dynet] memory allocation done.
load data
load model
pid P54	acc 0.0000/0.0000	len_acc 0.2500/0.2500	prompt [X] plays with [Y] .
pid P54	#fact 200	#notrans 0	#notexist 0	#multiword 189,False	#singleword 11,False	oracle 0.0000	time 6.0
acc per fact 0/200=0.0000	acc per relation 0.0	avg iter 4.4	num_max_mask 35
[dynet] random seed: 3649012654
[dynet] allocating memory: 512MB
[dynet] memory allocation done.
load data
load model
pid P102	acc 0.0100/0.0100	len_acc 0.0650/0.0650	prompt [X] is a member of the [Y] political party .
pid P102	#fact 200	#notrans 0	#notexist 0	#multiword 200,False	#singleword 0,False	oracle 0.0100	time 6.3
acc per fact 2/200=0.0100	acc per relation 0.009999999999995	avg iter 3.72	num_max_mask 0
[dynet] random seed: 589191414
[dynet] allocating memory: 512MB
[dynet] memory allocation done.
load data
load model
pid P1303	acc 0.0000/0.0000	len_acc 0.1400/0.1400	prompt [X] plays [Y] .
pid P1303	#fact 200	#notrans 0	#notexist 0	#multiword 124,False	#singleword 76,False	oracle 0.0000	time 4.3
acc per fact 0/200=0.0000	acc per relation 0.0	avg iter 3.16	num_max_mask 0
[dynet] random seed: 212827503
[dynet] allocating memory: 512MB
[dynet] memory allocation done.
load data
load model
pid P159	acc 0.0850/0.0850	len_acc 0.1850/0.1850	prompt The headquarter of [X] is in [Y] .
pid P159	#fact 200	#notrans 0	#notexist 0	#multiword 110,False	#singleword 90,False	oracle 0.0850	time 6.4
acc per fact 17/200=0.0850	acc per relation 0.0849999999999575	avg iter 4.08	num_max_mask 8
[dynet] random seed: 4119233839
[dynet] allocating memory: 512MB
[dynet] memory allocation done.
load data
load model
pid P17	acc 0.0000/0.0000	len_acc 0.1550/0.1550	prompt [X] is located in [Y] .
pid P17	#fact 200	#notrans 0	#notexist 0	#multiword 196,False	#singleword 4,False	oracle 0.0000	time 5.4
acc per fact 0/200=0.0000	acc per relation 0.0	avg iter 3.86	num_max_mask 0
[dynet] random seed: 2116701699
[dynet] allocating memory: 512MB
[dynet] memory allocation done.
load data
load model
pid P27	acc 0.0000/0.0000	len_acc 0.0100/0.0100	prompt [X] is [Y] citizen .
pid P27	#fact 600	#notrans 0	#notexist 0	#multiword 594,False	#singleword 6,False	oracle 0.0000	time 14.3
acc per fact 0/600=0.0000	acc per relation 0.0	avg iter 3.34	num_max_mask 1
[dynet] random seed: 3695067858
[dynet] allocating memory: 512MB
[dynet] memory allocation done.
load data
load model
pid P449	acc 0.0000/0.0000	len_acc 0.1111/0.1111	prompt [X] was originally aired on [Y] .
pid P449	#fact 198	#notrans 0	#notexist 2	#multiword 188,False	#singleword 10,False	oracle 0.0000	time 6.0
acc per fact 0/198=0.0000	acc per relation 0.0	avg iter 3.96	num_max_mask 9
[dynet] random seed: 2506433065
[dynet] allocating memory: 512MB
[dynet] memory allocation done.
load data
load model
pid P495	acc 0.0000/0.0000	len_acc 0.2576/0.2576	prompt [X] was created in [Y] .
pid P495	#fact 198	#notrans 0	#notexist 2	#multiword 197,False	#singleword 1,False	oracle 0.0000	time 5.5
acc per fact 0/198=0.0000	acc per relation 0.0	avg iter 3.74	num_max_mask 0
[dynet] random seed: 505964026
[dynet] allocating memory: 512MB
[dynet] memory allocation done.
load data
load model
pid P54	acc 0.0000/0.0000	len_acc 0.2150/0.2150	prompt [X] plays with [Y] .
pid P54	#fact 200	#notrans 0	#notexist 0	#multiword 189,False	#singleword 11,False	oracle 0.0000	time 4.9
acc per fact 0/200=0.0000	acc per relation 0.0	avg iter 3.46	num_max_mask 35
[dynet] random seed: 476839571
[dynet] allocating memory: 512MB
[dynet] memory allocation done.
Traceback (most recent call last):
  File "scripts/probe.py", line 1145, in <module>
    assert args.max_iter >= args.num_mask, 'the results will contain mask'
AssertionError: the results will contain mask
Probing with model language en,prompt language en,model mbert_base
Prompt P102 done, 1 out of 8 prompts.
Prompt P1303 done, 2 out of 8 prompts.
Prompt P159 done, 3 out of 8 prompts.
Prompt P17 done, 4 out of 8 prompts.
Prompt P27 done, 5 out of 8 prompts.
Prompt P449 done, 6 out of 8 prompts.
Prompt P495 done, 7 out of 8 prompts.
Prompt P54 done, 8 out of 8 prompts.
Prompt P102 done, 9 out of 8 prompts.
Prompt P1303 done, 10 out of 8 prompts.
Prompt P159 done, 11 out of 8 prompts.
Prompt P17 done, 12 out of 8 prompts.
Prompt P27 done, 13 out of 8 prompts.
Prompt P449 done, 14 out of 8 prompts.
Prompt P495 done, 15 out of 8 prompts.
Prompt P54 done, 16 out of 8 prompts.
Prompt P102 done, 17 out of 8 prompts.
Prompt P1303 done, 18 out of 8 prompts.
Prompt P159 done, 19 out of 8 prompts.
Prompt P17 done, 20 out of 8 prompts.
Prompt P27 done, 21 out of 8 prompts.
Prompt P449 done, 22 out of 8 prompts.
Prompt P495 done, 23 out of 8 prompts.
Prompt P54 done, 24 out of 8 prompts.
Traceback (most recent call last):
  File "scripts/run_experiment.py", line 62, in <module>
    if experiment.returncode != 0 : raise RuntimeError("Experiment failed - Subprocess exit code 1")
RuntimeError: Experiment failed - Subprocess exit code 1
