START
[dynet] random seed: 3169545404
[dynet] allocating memory: 512MB
[dynet] memory allocation done.
load data
load model
pid P102	acc 0.0000/0.0000	len_acc 0.0040/0.0040	prompt [X] tagja a [Y] politikai pártnak .
pid P102	#fact 200	#notrans 0	#notexist 0	#multiword 200,False	#singleword 0,False	oracle 0.0000	time 41.4
acc per fact 0/200=0.0000	acc per relation 0.0	avg iter 1.0	num_max_mask 0
[dynet] random seed: 4291258539
[dynet] allocating memory: 512MB
[dynet] memory allocation done.
load data
load model
pid P1303	acc 0.0000/0.0000	len_acc 0.1740/0.1740	prompt [X] [Y.ON+ESS] játszik .
pid P1303	#fact 200	#notrans 0	#notexist 0	#multiword 162,False	#singleword 38,False	oracle 0.0000	time 39.6
acc per fact 0/200=0.0000	acc per relation 0.0	avg iter 1.0	num_max_mask 0
[dynet] random seed: 4043952854
[dynet] allocating memory: 512MB
[dynet] memory allocation done.
load data
load model
pid P159	acc 0.0000/0.0000	len_acc 0.4384/0.4384	prompt [X] központja [Y.IN+ESS] található .
pid P159	#fact 198	#notrans 0	#notexist 2	#multiword 105,False	#singleword 93,False	oracle 0.0000	time 39.5
acc per fact 0/198=0.0000	acc per relation 0.0	avg iter 1.0	num_max_mask 0
[dynet] random seed: 2752874479
[dynet] allocating memory: 512MB
[dynet] memory allocation done.
load data
load model
pid P17	acc 0.0000/0.0000	len_acc 0.0950/0.0950	prompt [X] [Y.IN+ESS] található .
pid P17	#fact 200	#notrans 0	#notexist 0	#multiword 197,False	#singleword 3,False	oracle 0.0000	time 40.1
acc per fact 0/200=0.0000	acc per relation 0.0	avg iter 1.0	num_max_mask 0
[dynet] random seed: 387005497
[dynet] allocating memory: 512MB
[dynet] memory allocation done.
load data
load model
pid P27	acc 0.0000/0.0000	len_acc 0.3790/0.3790	prompt [X] egy [Y] állampolgár .
pid P27	#fact 600	#notrans 0	#notexist 0	#multiword 599,False	#singleword 1,False	oracle 0.0000	time 120.8
acc per fact 0/600=0.0000	acc per relation 0.0	avg iter 1.0	num_max_mask 0
[dynet] random seed: 2342270935
[dynet] allocating memory: 512MB
[dynet] memory allocation done.
load data
load model
pid P449	acc 0.0020/0.0020	len_acc 0.0812/0.0812	prompt [X] eredetileg [Y.ON+ESS] sugározták .
pid P449	#fact 197	#notrans 0	#notexist 3	#multiword 187,False	#singleword 10,False	oracle 0.0102	time 39.2
acc per fact 2/197=0.0102	acc per relation 0.010152284263954238	avg iter 1.0	num_max_mask 0
[dynet] random seed: 2491847598
[dynet] allocating memory: 512MB
[dynet] memory allocation done.
load data
load model
pid P495	acc 0.0000/0.0000	len_acc 0.1188/0.1188	prompt [X.ACC] [Y.IN+ESS] készítették .
pid P495	#fact 197	#notrans 0	#notexist 3	#multiword 196,False	#singleword 1,False	oracle 0.0000	time 39.1
acc per fact 0/197=0.0000	acc per relation 0.0	avg iter 1.0	num_max_mask 0
[dynet] random seed: 3450876466
[dynet] allocating memory: 512MB
[dynet] memory allocation done.
load data
load model
pid P54	acc 0.0000/0.0000	len_acc 0.0837/0.0837	prompt [X] [Y.IN+ESS] játszik .
pid P54	#fact 196	#notrans 0	#notexist 4	#multiword 185,False	#singleword 11,False	oracle 0.0000	time 38.8
acc per fact 0/196=0.0000	acc per relation 0.0	avg iter 1.0	num_max_mask 0
[dynet] random seed: 3959325534
[dynet] allocating memory: 512MB
[dynet] memory allocation done.
load data
load model
pid P102	acc 0.0000/0.0000	len_acc 0.0083/0.0083	prompt [X] tagja a [Y] politikai pártnak .
pid P102	#fact 192	#notrans 0	#notexist 8	#multiword 192,False	#singleword 0,False	oracle 0.0000	time 38.4
acc per fact 0/192=0.0000	acc per relation 0.0	avg iter 1.0	num_max_mask 17
[dynet] random seed: 3767421025
[dynet] allocating memory: 512MB
[dynet] memory allocation done.
load data
load model
pid P1303	acc 0.0000/0.0000	len_acc 0.1360/0.1360	prompt [X] [Y.ON+ESS] játszik .
pid P1303	#fact 200	#notrans 0	#notexist 0	#multiword 191,False	#singleword 9,False	oracle 0.0000	time 39.6
acc per fact 0/200=0.0000	acc per relation 0.0	avg iter 1.0	num_max_mask 0
[dynet] random seed: 1857628032
[dynet] allocating memory: 512MB
[dynet] memory allocation done.
load data
load model
pid P159	acc 0.0000/0.0000	len_acc 0.5437/0.5437	prompt [X] központja [Y.IN+ESS] található .
pid P159	#fact 199	#notrans 0	#notexist 1	#multiword 54,False	#singleword 145,False	oracle 0.0000	time 40.1
acc per fact 0/199=0.0000	acc per relation 0.0	avg iter 1.0	num_max_mask 0
[dynet] random seed: 384497779
[dynet] allocating memory: 512MB
[dynet] memory allocation done.
load data
load model
pid P17	acc 0.0000/0.0000	len_acc 0.5910/0.5910	prompt [X] [Y.IN+ESS] található .
pid P17	#fact 199	#notrans 0	#notexist 1	#multiword 1,False	#singleword 198,False	oracle 0.0000	time 39.7
acc per fact 0/199=0.0000	acc per relation 0.0	avg iter 1.0	num_max_mask 0
[dynet] random seed: 2830488826
[dynet] allocating memory: 512MB
[dynet] memory allocation done.
load data
load model
pid P27	acc 0.0000/0.0000	len_acc 0.2600/0.2600	prompt [X] egy [Y] állampolgár .
pid P27	#fact 600	#notrans 0	#notexist 0	#multiword 5,False	#singleword 595,False	oracle 0.0000	time 119.4
acc per fact 0/600=0.0000	acc per relation 0.0	avg iter 1.0	num_max_mask 0
[dynet] random seed: 3459229698
[dynet] allocating memory: 512MB
[dynet] memory allocation done.
load data
load model
pid P449	acc 0.0000/0.0000	len_acc 0.1826/0.1826	prompt [X] eredetileg [Y.ON+ESS] sugározták .
pid P449	#fact 115	#notrans 0	#notexist 5	#multiword 84,False	#singleword 31,False	oracle 0.0000	time 23.2
acc per fact 0/115=0.0000	acc per relation 0.0	avg iter 1.0	num_max_mask 0
[dynet] random seed: 391661904
[dynet] allocating memory: 512MB
[dynet] memory allocation done.
load data
load model
pid P495	acc 0.0000/0.0000	len_acc 0.7443/0.7443	prompt [X.ACC] [Y.IN+ESS] készítették .
pid P495	#fact 115	#notrans 0	#notexist 5	#multiword 4,False	#singleword 111,False	oracle 0.0000	time 23.1
acc per fact 0/115=0.0000	acc per relation 0.0	avg iter 1.0	num_max_mask 0
[dynet] random seed: 4147135708
[dynet] allocating memory: 512MB
[dynet] memory allocation done.
load data
load model
pid P54	acc 0.0000/0.0000	len_acc 0.0342/0.0342	prompt [X] [Y.IN+ESS] játszik .
pid P54	#fact 199	#notrans 0	#notexist 1	#multiword 194,False	#singleword 5,False	oracle 0.0000	time 39.4
acc per fact 0/199=0.0000	acc per relation 0.0	avg iter 1.0	num_max_mask 1
[dynet] random seed: 3446442222
[dynet] allocating memory: 512MB
[dynet] memory allocation done.
load data
load model
pid P102	acc 0.0000/0.0000	len_acc 0.0010/0.0010	prompt [X] tagja a [Y] politikai pártnak .
pid P102	#fact 200	#notrans 0	#notexist 0	#multiword 200,False	#singleword 0,False	oracle 0.0000	time 40.0
acc per fact 0/200=0.0000	acc per relation 0.0	avg iter 1.0	num_max_mask 56
[dynet] random seed: 3058747890
[dynet] allocating memory: 512MB
[dynet] memory allocation done.
load data
load model
pid P1303	acc 0.0000/0.0000	len_acc 0.1280/0.1280	prompt [X] [Y.ON+ESS] játszik .
pid P1303	#fact 200	#notrans 0	#notexist 0	#multiword 191,False	#singleword 9,False	oracle 0.0000	time 40.5
acc per fact 0/200=0.0000	acc per relation 0.0	avg iter 1.0	num_max_mask 0
[dynet] random seed: 1545735262
[dynet] allocating memory: 512MB
[dynet] memory allocation done.
load data
load model
pid P159	acc 0.0000/0.0000	len_acc 0.2375/0.2375	prompt [X] központja [Y.IN+ESS] található .
pid P159	#fact 192	#notrans 0	#notexist 1	#multiword 140,False	#singleword 52,False	oracle 0.0000	time 38.5
acc per fact 0/192=0.0000	acc per relation 0.0	avg iter 1.0	num_max_mask 0
[dynet] random seed: 3108081620
[dynet] allocating memory: 512MB
[dynet] memory allocation done.
load data
load model
pid P17	acc 0.0000/0.0000	len_acc 0.2062/0.2062	prompt [X] [Y.IN+ESS] található .
pid P17	#fact 195	#notrans 0	#notexist 1	#multiword 185,False	#singleword 10,False	oracle 0.0000	time 38.7
acc per fact 0/195=0.0000	acc per relation 0.0	avg iter 1.0	num_max_mask 0
[dynet] random seed: 1926417412
[dynet] allocating memory: 512MB
[dynet] memory allocation done.
load data
load model
pid P27	acc 0.0000/0.0000	len_acc 0.2950/0.2950	prompt [X] egy [Y] állampolgár .
pid P27	#fact 600	#notrans 0	#notexist 0	#multiword 599,False	#singleword 1,False	oracle 0.0000	time 120.3
acc per fact 0/600=0.0000	acc per relation 0.0	avg iter 1.0	num_max_mask 0
[dynet] random seed: 1867553621
[dynet] allocating memory: 512MB
[dynet] memory allocation done.
load data
load model
pid P449	acc 0.0000/0.0000	len_acc 0.0747/0.0747	prompt [X] eredetileg [Y.ON+ESS] sugározták .
pid P449	#fact 91	#notrans 0	#notexist 1	#multiword 79,False	#singleword 12,False	oracle 0.0000	time 18.3
acc per fact 0/91=0.0000	acc per relation 0.0	avg iter 1.0	num_max_mask 0
[dynet] random seed: 4182911843
[dynet] allocating memory: 512MB
[dynet] memory allocation done.
load data
load model
pid P495	acc 0.0000/0.0000	len_acc 0.1457/0.1457	prompt [X.ACC] [Y.IN+ESS] készítették .
pid P495	#fact 92	#notrans 0	#notexist 1	#multiword 89,False	#singleword 3,False	oracle 0.0000	time 18.3
acc per fact 0/92=0.0000	acc per relation 0.0	avg iter 1.0	num_max_mask 0
[dynet] random seed: 3066640855
[dynet] allocating memory: 512MB
[dynet] memory allocation done.
load data
load model
pid P54	acc 0.0000/0.0000	len_acc 0.1740/0.1740	prompt [X] [Y.IN+ESS] játszik .
pid P54	#fact 200	#notrans 0	#notexist 0	#multiword 184,False	#singleword 16,False	oracle 0.0000	time 39.5
acc per fact 0/200=0.0000	acc per relation 0.0	avg iter 1.0	num_max_mask 0
Probing with model language hu,prompt language en,model mbert_base
Prompt P102 done, 1 out of 8 prompts.
Prompt P1303 done, 2 out of 8 prompts.
Prompt P159 done, 3 out of 8 prompts.
Prompt P17 done, 4 out of 8 prompts.
Prompt P27 done, 5 out of 8 prompts.
Prompt P449 done, 6 out of 8 prompts.
Prompt P495 done, 7 out of 8 prompts.
Prompt P54 done, 8 out of 8 prompts.
mbert_base model done.
Prompt language en done.
Probing with model language hu,prompt language hu,model mbert_base
Prompt P102 done, 1 out of 8 prompts.
Prompt P1303 done, 2 out of 8 prompts.
Prompt P159 done, 3 out of 8 prompts.
Prompt P17 done, 4 out of 8 prompts.
Prompt P27 done, 5 out of 8 prompts.
Prompt P449 done, 6 out of 8 prompts.
Prompt P495 done, 7 out of 8 prompts.
Prompt P54 done, 8 out of 8 prompts.
mbert_base model done.
Prompt language hu done.
Probing with model language hu,prompt language nl,model mbert_base
Prompt P102 done, 1 out of 8 prompts.
Prompt P1303 done, 2 out of 8 prompts.
Prompt P159 done, 3 out of 8 prompts.
Prompt P17 done, 4 out of 8 prompts.
Prompt P27 done, 5 out of 8 prompts.
Prompt P449 done, 6 out of 8 prompts.
Prompt P495 done, 7 out of 8 prompts.
Prompt P54 done, 8 out of 8 prompts.
mbert_base model done.
Prompt language nl done.
Model language hu done.
