START
[dynet] random seed: 2955835898
[dynet] allocating memory: 512MB
[dynet] memory allocation done.
load data
load model
pid P102	acc 0.0000/0.0000	len_acc 0.0000/0.0000	prompt [X] tagja a [Y] politikai pártnak .
pid P102	#fact 200	#notrans 0	#notexist 0	#multiword 200,False	#singleword 0,False	oracle 0.0000	time 4.2
acc per fact 0/200=0.0000	acc per relation 0.0	avg iter 1.0	num_max_mask 0
[dynet] random seed: 3063752112
[dynet] allocating memory: 512MB
[dynet] memory allocation done.
load data
load model
pid P1303	acc 0.0000/0.0000	len_acc 0.1900/0.1900	prompt [X] [Y.ON+ESS] játszik .
pid P1303	#fact 200	#notrans 0	#notexist 0	#multiword 162,False	#singleword 38,False	oracle 0.0000	time 3.6
acc per fact 0/200=0.0000	acc per relation 0.0	avg iter 1.0	num_max_mask 0
[dynet] random seed: 3936147056
[dynet] allocating memory: 512MB
[dynet] memory allocation done.
load data
load model
pid P159	acc 0.0000/0.0000	len_acc 0.4141/0.4141	prompt [X] központja [Y.IN+ESS] található .
pid P159	#fact 198	#notrans 0	#notexist 2	#multiword 105,False	#singleword 93,False	oracle 0.0000	time 3.8
acc per fact 0/198=0.0000	acc per relation 0.0	avg iter 1.0	num_max_mask 0
[dynet] random seed: 413026786
[dynet] allocating memory: 512MB
[dynet] memory allocation done.
load data
load model
pid P17	acc 0.0000/0.0000	len_acc 0.1100/0.1100	prompt [X] [Y.IN+ESS] található .
pid P17	#fact 200	#notrans 0	#notexist 0	#multiword 197,False	#singleword 3,False	oracle 0.0000	time 3.6
acc per fact 0/200=0.0000	acc per relation 0.0	avg iter 1.0	num_max_mask 0
[dynet] random seed: 859030431
[dynet] allocating memory: 512MB
[dynet] memory allocation done.
load data
load model
pid P27	acc 0.0000/0.0000	len_acc 0.3283/0.3283	prompt [X] egy [Y] állampolgár .
pid P27	#fact 600	#notrans 0	#notexist 0	#multiword 599,False	#singleword 1,False	oracle 0.0000	time 11.7
acc per fact 0/600=0.0000	acc per relation 0.0	avg iter 1.0	num_max_mask 0
[dynet] random seed: 2344526626
[dynet] allocating memory: 512MB
[dynet] memory allocation done.
load data
load model
pid P449	acc 0.0000/0.0000	len_acc 0.0609/0.0609	prompt [X] eredetileg [Y.ON+ESS] sugározták .
pid P449	#fact 197	#notrans 0	#notexist 3	#multiword 187,False	#singleword 10,False	oracle 0.0000	time 4.1
acc per fact 0/197=0.0000	acc per relation 0.0	avg iter 1.0	num_max_mask 0
[dynet] random seed: 3318920367
[dynet] allocating memory: 512MB
[dynet] memory allocation done.
load data
load model
pid P495	acc 0.0000/0.0000	len_acc 0.2234/0.2234	prompt [X.ACC] [Y.IN+ESS] készítették .
pid P495	#fact 197	#notrans 0	#notexist 3	#multiword 196,False	#singleword 1,False	oracle 0.0000	time 3.9
acc per fact 0/197=0.0000	acc per relation 0.0	avg iter 1.0	num_max_mask 0
[dynet] random seed: 3327096896
[dynet] allocating memory: 512MB
[dynet] memory allocation done.
load data
load model
pid P54	acc 0.0000/0.0000	len_acc 0.1020/0.1020	prompt [X] [Y.IN+ESS] játszik .
pid P54	#fact 196	#notrans 0	#notexist 4	#multiword 185,False	#singleword 11,False	oracle 0.0000	time 3.6
acc per fact 0/196=0.0000	acc per relation 0.0	avg iter 1.0	num_max_mask 0
[dynet] random seed: 3164626330
[dynet] allocating memory: 512MB
[dynet] memory allocation done.
load data
load model
pid P102	acc 0.0000/0.0000	len_acc 0.0050/0.0050	prompt [X] tagja a [Y] politikai pártnak .
pid P102	#fact 200	#notrans 0	#notexist 0	#multiword 200,False	#singleword 0,False	oracle 0.0000	time 30.7
acc per fact 0/200=0.0000	acc per relation 0.0	avg iter 9.03	num_max_mask 0
[dynet] random seed: 3257174801
[dynet] allocating memory: 512MB
[dynet] memory allocation done.
slurmstepd: error: *** JOB 10096682 ON r28n2 CANCELLED AT 2022-10-11T10:28:34 ***
