START
[dynet] random seed: 1352394190
[dynet] allocating memory: 512MB
[dynet] memory allocation done.
load data
load model
pid P102	acc 0.0000/0.0000	len_acc 0.0000/0.0000	prompt [X] is a member of the [Y] political party .
pid P102	#fact 200	#notrans 0	#notexist 0	#multiword 200,False	#singleword 0,False	oracle 0.0000	time 23.5
acc per fact 0/200=0.0000	acc per relation 0.0	avg iter 1.0	num_max_mask 0
[dynet] random seed: 4206839861
[dynet] allocating memory: 512MB
[dynet] memory allocation done.
load data
load model
pid P1303	acc 0.0000/0.0000	len_acc 0.0200/0.0200	prompt [X] plays [Y] .
pid P1303	#fact 200	#notrans 0	#notexist 0	#multiword 124,False	#singleword 76,False	oracle 0.0000	time 23.2
acc per fact 0/200=0.0000	acc per relation 0.0	avg iter 1.0	num_max_mask 0
[dynet] random seed: 1414801212
[dynet] allocating memory: 512MB
[dynet] memory allocation done.
load data
load model
pid P159	acc 0.0525/0.0525	len_acc 0.1475/0.1475	prompt The headquarter of [X] is in [Y] .
pid P159	#fact 200	#notrans 0	#notexist 0	#multiword 110,False	#singleword 90,False	oracle 0.1050	time 23.5
acc per fact 21/200=0.1050	acc per relation 0.10499999999994751	avg iter 1.0	num_max_mask 0
[dynet] random seed: 3524207627
[dynet] allocating memory: 512MB
[dynet] memory allocation done.
load data
load model
pid P17	acc 0.0000/0.0000	len_acc 0.0300/0.0300	prompt [X] is located in [Y] .
pid P17	#fact 200	#notrans 0	#notexist 0	#multiword 196,False	#singleword 4,False	oracle 0.0000	time 23.4
acc per fact 0/200=0.0000	acc per relation 0.0	avg iter 1.0	num_max_mask 0
[dynet] random seed: 2365892124
[dynet] allocating memory: 512MB
[dynet] memory allocation done.
load data
load model
pid P27	acc 0.0000/0.0000	len_acc 0.0925/0.0925	prompt [X] is [Y] citizen .
pid P27	#fact 600	#notrans 0	#notexist 0	#multiword 594,False	#singleword 6,False	oracle 0.0000	time 69.3
acc per fact 0/600=0.0000	acc per relation 0.0	avg iter 1.0	num_max_mask 0
[dynet] random seed: 1623197956
[dynet] allocating memory: 512MB
[dynet] memory allocation done.
load data
load model
pid P449	acc 0.0025/0.0025	len_acc 0.0227/0.0227	prompt [X] was originally aired on [Y] .
pid P449	#fact 198	#notrans 0	#notexist 2	#multiword 188,False	#singleword 10,False	oracle 0.0051	time 23.4
acc per fact 1/198=0.0051	acc per relation 0.0050505050505025	avg iter 1.0	num_max_mask 0
[dynet] random seed: 3967479319
[dynet] allocating memory: 512MB
[dynet] memory allocation done.
load data
load model
pid P495	acc 0.0000/0.0000	len_acc 0.0253/0.0253	prompt [X] was created in [Y] .
pid P495	#fact 198	#notrans 0	#notexist 2	#multiword 197,False	#singleword 1,False	oracle 0.0000	time 23.2
acc per fact 0/198=0.0000	acc per relation 0.0	avg iter 1.0	num_max_mask 0
[dynet] random seed: 1512072558
[dynet] allocating memory: 512MB
[dynet] memory allocation done.
load data
load model
pid P54	acc 0.0000/0.0000	len_acc 0.0475/0.0475	prompt [X] plays with [Y] .
pid P54	#fact 200	#notrans 0	#notexist 0	#multiword 189,False	#singleword 11,False	oracle 0.0000	time 23.3
acc per fact 0/200=0.0000	acc per relation 0.0	avg iter 1.0	num_max_mask 3
[dynet] random seed: 1876825208
[dynet] allocating memory: 512MB
[dynet] memory allocation done.
load data
load model
pid P102	acc 0.0000/0.0000	len_acc 0.0054/0.0054	prompt [X] is a member of the [Y] political party .
pid P102	#fact 186	#notrans 0	#notexist 0	#multiword 186,False	#singleword 0,False	oracle 0.0000	time 21.8
acc per fact 0/186=0.0000	acc per relation 0.0	avg iter 1.0	num_max_mask 7
[dynet] random seed: 1244739294
[dynet] allocating memory: 512MB
[dynet] memory allocation done.
load data
load model
pid P1303	acc 0.0000/0.0000	len_acc 0.0964/0.0964	prompt [X] plays [Y] .
pid P1303	#fact 197	#notrans 0	#notexist 0	#multiword 69,False	#singleword 128,False	oracle 0.0000	time 22.7
acc per fact 0/197=0.0000	acc per relation 0.0	avg iter 1.0	num_max_mask 0
[dynet] random seed: 3196299939
[dynet] allocating memory: 512MB
[dynet] memory allocation done.
load data
load model
pid P159	acc 0.1622/0.1622	len_acc 0.3135/0.3135	prompt The headquarter of [X] is in [Y] .
pid P159	#fact 185	#notrans 0	#notexist 0	#multiword 52,False	#singleword 133,False	oracle 0.3243	time 22.6
acc per fact 60/185=0.3243	acc per relation 0.32432432432414904	avg iter 1.0	num_max_mask 0
[dynet] random seed: 397559032
[dynet] allocating memory: 512MB
[dynet] memory allocation done.
load data
load model
pid P17	acc 0.0622/0.0622	len_acc 0.1919/0.1919	prompt [X] is located in [Y] .
pid P17	#fact 185	#notrans 0	#notexist 0	#multiword 0,False	#singleword 185,False	oracle 0.1243	time 22.1
acc per fact 23/185=0.1243	acc per relation 0.12432432432425713	avg iter 1.0	num_max_mask 0
[dynet] random seed: 513844942
[dynet] allocating memory: 512MB
[dynet] memory allocation done.
load data
load model
pid P27	acc 0.0000/0.0000	len_acc 0.4940/0.4940	prompt [X] is [Y] citizen .
pid P27	#fact 582	#notrans 0	#notexist 0	#multiword 1,False	#singleword 581,False	oracle 0.0000	time 70.2
acc per fact 0/582=0.0000	acc per relation 0.0	avg iter 1.0	num_max_mask 0
[dynet] random seed: 161211846
[dynet] allocating memory: 512MB
[dynet] memory allocation done.
load data
load model
pid P449	acc 0.0000/0.0000	len_acc 0.1923/0.1923	prompt [X] was originally aired on [Y] .
pid P449	#fact 52	#notrans 0	#notexist 2	#multiword 35,False	#singleword 17,False	oracle 0.0000	time 6.3
acc per fact 0/52=0.0000	acc per relation 0.0	avg iter 1.0	num_max_mask 0
[dynet] random seed: 802245705
[dynet] allocating memory: 512MB
[dynet] memory allocation done.
load data
load model
pid P495	acc 0.0000/0.0000	len_acc 0.1058/0.1058	prompt [X] was created in [Y] .
pid P495	#fact 52	#notrans 0	#notexist 2	#multiword 4,False	#singleword 48,False	oracle 0.0000	time 6.3
acc per fact 0/52=0.0000	acc per relation 0.0	avg iter 1.0	num_max_mask 0
[dynet] random seed: 4260085937
[dynet] allocating memory: 512MB
[dynet] memory allocation done.
load data
load model
pid P54	acc 0.0000/0.0000	len_acc 0.0628/0.0628	prompt [X] plays with [Y] .
pid P54	#fact 199	#notrans 0	#notexist 0	#multiword 194,False	#singleword 5,False	oracle 0.0000	time 24.0
acc per fact 0/199=0.0000	acc per relation 0.0	avg iter 1.0	num_max_mask 1
[dynet] random seed: 698036610
[dynet] allocating memory: 512MB
[dynet] memory allocation done.
load data
load model
pid P102	acc 0.0000/0.0000	len_acc 0.0275/0.0275	prompt [X] is a member of the [Y] political party .
pid P102	#fact 200	#notrans 0	#notexist 0	#multiword 200,False	#singleword 0,False	oracle 0.0000	time 24.3
acc per fact 0/200=0.0000	acc per relation 0.0	avg iter 1.0	num_max_mask 0
[dynet] random seed: 1673956651
[dynet] allocating memory: 512MB
[dynet] memory allocation done.
load data
load model
pid P1303	acc 0.0000/0.0000	len_acc 0.0825/0.0825	prompt [X] plays [Y] .
pid P1303	#fact 200	#notrans 0	#notexist 0	#multiword 109,False	#singleword 91,False	oracle 0.0000	time 24.1
acc per fact 0/200=0.0000	acc per relation 0.0	avg iter 1.0	num_max_mask 0
[dynet] random seed: 2133961859
[dynet] allocating memory: 512MB
[dynet] memory allocation done.
load data
load model
pid P159	acc 0.0209/0.0209	len_acc 0.1702/0.1702	prompt The headquarter of [X] is in [Y] .
pid P159	#fact 191	#notrans 0	#notexist 1	#multiword 92,False	#singleword 99,False	oracle 0.0419	time 23.4
acc per fact 8/191=0.0419	acc per relation 0.04188481675390478	avg iter 1.0	num_max_mask 0
[dynet] random seed: 266657650
[dynet] allocating memory: 512MB
[dynet] memory allocation done.
load data
load model
pid P17	acc 0.0026/0.0026	len_acc 0.0387/0.0387	prompt [X] is located in [Y] .
pid P17	#fact 194	#notrans 0	#notexist 1	#multiword 6,False	#singleword 188,False	oracle 0.0052	time 23.5
acc per fact 1/194=0.0052	acc per relation 0.005154639175255075	avg iter 1.0	num_max_mask 0
[dynet] random seed: 3916228986
[dynet] allocating memory: 512MB
[dynet] memory allocation done.
load data
load model
pid P27	acc 0.0000/0.0000	len_acc 0.1750/0.1750	prompt [X] is [Y] citizen .
pid P27	#fact 600	#notrans 0	#notexist 0	#multiword 593,False	#singleword 7,False	oracle 0.0000	time 73.3
acc per fact 0/600=0.0000	acc per relation 0.0	avg iter 1.0	num_max_mask 0
[dynet] random seed: 929175690
[dynet] allocating memory: 512MB
[dynet] memory allocation done.
load data
load model
pid P449	acc 0.0000/0.0000	len_acc 0.0549/0.0549	prompt [X] was originally aired on [Y] .
pid P449	#fact 91	#notrans 0	#notexist 1	#multiword 79,False	#singleword 12,False	oracle 0.0000	time 11.2
acc per fact 0/91=0.0000	acc per relation 0.0	avg iter 1.0	num_max_mask 0
[dynet] random seed: 1225166834
[dynet] allocating memory: 512MB
[dynet] memory allocation done.
load data
load model
pid P495	acc 0.0000/0.0000	len_acc 0.1793/0.1793	prompt [X] was created in [Y] .
pid P495	#fact 92	#notrans 0	#notexist 1	#multiword 1,False	#singleword 91,False	oracle 0.0000	time 10.7
acc per fact 0/92=0.0000	acc per relation 0.0	avg iter 1.0	num_max_mask 0
[dynet] random seed: 2218844430
[dynet] allocating memory: 512MB
[dynet] memory allocation done.
load data
load model
pid P54	acc 0.0000/0.0000	len_acc 0.0325/0.0325	prompt [X] plays with [Y] .
pid P54	#fact 200	#notrans 0	#notexist 0	#multiword 186,False	#singleword 14,False	oracle 0.0000	time 23.4
acc per fact 0/200=0.0000	acc per relation 0.0	avg iter 1.0	num_max_mask 0
[dynet] random seed: 149780535
[dynet] allocating memory: 512MB
[dynet] memory allocation done.
load data
load model
pid P102	acc 0.0000/0.0000	len_acc 0.0000/0.0000	prompt [X] tagja a [Y] politikai pártnak .
pid P102	#fact 200	#notrans 0	#notexist 0	#multiword 200,False	#singleword 0,False	oracle 0.0000	time 23.7
acc per fact 0/200=0.0000	acc per relation 0.0	avg iter 1.0	num_max_mask 0
[dynet] random seed: 1652614301
[dynet] allocating memory: 512MB
[dynet] memory allocation done.
load data
load model
pid P1303	acc 0.0000/0.0000	len_acc 0.1775/0.1775	prompt [X] [Y.ON+ESS] játszik .
pid P1303	#fact 200	#notrans 0	#notexist 0	#multiword 162,False	#singleword 38,False	oracle 0.0000	time 23.3
acc per fact 0/200=0.0000	acc per relation 0.0	avg iter 1.0	num_max_mask 0
[dynet] random seed: 3149133091
[dynet] allocating memory: 512MB
[dynet] memory allocation done.
load data
load model
pid P159	acc 0.0000/0.0000	len_acc 0.4369/0.4369	prompt [X] központja [Y.IN+ESS] található .
pid P159	#fact 198	#notrans 0	#notexist 2	#multiword 105,False	#singleword 93,False	oracle 0.0000	time 23.2
acc per fact 0/198=0.0000	acc per relation 0.0	avg iter 1.0	num_max_mask 0
[dynet] random seed: 716085958
[dynet] allocating memory: 512MB
[dynet] memory allocation done.
load data
load model
pid P17	acc 0.0000/0.0000	len_acc 0.0950/0.0950	prompt [X] [Y.IN+ESS] található .
pid P17	#fact 200	#notrans 0	#notexist 0	#multiword 197,False	#singleword 3,False	oracle 0.0000	time 23.6
acc per fact 0/200=0.0000	acc per relation 0.0	avg iter 1.0	num_max_mask 0
[dynet] random seed: 603188991
[dynet] allocating memory: 512MB
[dynet] memory allocation done.
load data
load model
pid P27	acc 0.0000/0.0000	len_acc 0.3625/0.3625	prompt [X] egy [Y] állampolgár .
pid P27	#fact 600	#notrans 0	#notexist 0	#multiword 599,False	#singleword 1,False	oracle 0.0000	time 69.8
acc per fact 0/600=0.0000	acc per relation 0.0	avg iter 1.0	num_max_mask 0
[dynet] random seed: 2398072783
[dynet] allocating memory: 512MB
[dynet] memory allocation done.
load data
load model
pid P449	acc 0.0000/0.0000	len_acc 0.0533/0.0533	prompt [X] eredetileg [Y.ON+ESS] sugározták .
pid P449	#fact 197	#notrans 0	#notexist 3	#multiword 187,False	#singleword 10,False	oracle 0.0000	time 22.9
acc per fact 0/197=0.0000	acc per relation 0.0	avg iter 1.0	num_max_mask 0
[dynet] random seed: 1895721175
[dynet] allocating memory: 512MB
[dynet] memory allocation done.
load data
load model
pid P495	acc 0.0000/0.0000	len_acc 0.1599/0.1599	prompt [X.ACC] [Y.IN+ESS] készítették .
pid P495	#fact 197	#notrans 0	#notexist 3	#multiword 196,False	#singleword 1,False	oracle 0.0000	time 23.0
acc per fact 0/197=0.0000	acc per relation 0.0	avg iter 1.0	num_max_mask 0
[dynet] random seed: 289587831
[dynet] allocating memory: 512MB
[dynet] memory allocation done.
load data
load model
pid P54	acc 0.0000/0.0000	len_acc 0.0893/0.0893	prompt [X] [Y.IN+ESS] játszik .
pid P54	#fact 196	#notrans 0	#notexist 4	#multiword 185,False	#singleword 11,False	oracle 0.0000	time 22.9
acc per fact 0/196=0.0000	acc per relation 0.0	avg iter 1.0	num_max_mask 0
[dynet] random seed: 3660094601
[dynet] allocating memory: 512MB
[dynet] memory allocation done.
load data
load model
pid P102	acc 0.0000/0.0000	len_acc 0.0000/0.0000	prompt [X] tagja a [Y] politikai pártnak .
pid P102	#fact 192	#notrans 0	#notexist 8	#multiword 192,False	#singleword 0,False	oracle 0.0000	time 22.7
acc per fact 0/192=0.0000	acc per relation 0.0	avg iter 1.0	num_max_mask 17
[dynet] random seed: 1433117441
[dynet] allocating memory: 512MB
[dynet] memory allocation done.
load data
load model
pid P1303	acc 0.0000/0.0000	len_acc 0.1050/0.1050	prompt [X] [Y.ON+ESS] játszik .
pid P1303	#fact 200	#notrans 0	#notexist 0	#multiword 191,False	#singleword 9,False	oracle 0.0000	time 23.4
acc per fact 0/200=0.0000	acc per relation 0.0	avg iter 1.0	num_max_mask 0
[dynet] random seed: 1600666041
[dynet] allocating memory: 512MB
[dynet] memory allocation done.
load data
load model
pid P159	acc 0.0000/0.0000	len_acc 0.6457/0.6457	prompt [X] központja [Y.IN+ESS] található .
pid P159	#fact 199	#notrans 0	#notexist 1	#multiword 54,False	#singleword 145,False	oracle 0.0000	time 23.5
acc per fact 0/199=0.0000	acc per relation 0.0	avg iter 1.0	num_max_mask 0
[dynet] random seed: 1695969204
[dynet] allocating memory: 512MB
[dynet] memory allocation done.
load data
load model
pid P17	acc 0.0000/0.0000	len_acc 0.5352/0.5352	prompt [X] [Y.IN+ESS] található .
pid P17	#fact 199	#notrans 0	#notexist 1	#multiword 1,False	#singleword 198,False	oracle 0.0000	time 23.4
acc per fact 0/199=0.0000	acc per relation 0.0	avg iter 1.0	num_max_mask 0
[dynet] random seed: 3297365863
[dynet] allocating memory: 512MB
[dynet] memory allocation done.
load data
load model
pid P27	acc 0.0000/0.0000	len_acc 0.5417/0.5417	prompt [X] egy [Y] állampolgár .
pid P27	#fact 600	#notrans 0	#notexist 0	#multiword 5,False	#singleword 595,False	oracle 0.0000	time 70.7
acc per fact 0/600=0.0000	acc per relation 0.0	avg iter 1.0	num_max_mask 0
[dynet] random seed: 1406248527
[dynet] allocating memory: 512MB
[dynet] memory allocation done.
load data
load model
pid P449	acc 0.0000/0.0000	len_acc 0.1826/0.1826	prompt [X] eredetileg [Y.ON+ESS] sugározták .
pid P449	#fact 115	#notrans 0	#notexist 5	#multiword 84,False	#singleword 31,False	oracle 0.0000	time 13.7
acc per fact 0/115=0.0000	acc per relation 0.0	avg iter 1.0	num_max_mask 0
[dynet] random seed: 4222683953
[dynet] allocating memory: 512MB
[dynet] memory allocation done.
load data
load model
pid P495	acc 0.0000/0.0000	len_acc 0.6913/0.6913	prompt [X.ACC] [Y.IN+ESS] készítették .
pid P495	#fact 115	#notrans 0	#notexist 5	#multiword 4,False	#singleword 111,False	oracle 0.0000	time 13.6
acc per fact 0/115=0.0000	acc per relation 0.0	avg iter 1.0	num_max_mask 0
[dynet] random seed: 3998376129
[dynet] allocating memory: 512MB
[dynet] memory allocation done.
load data
load model
pid P54	acc 0.0000/0.0000	len_acc 0.0226/0.0226	prompt [X] [Y.IN+ESS] játszik .
pid P54	#fact 199	#notrans 0	#notexist 1	#multiword 194,False	#singleword 5,False	oracle 0.0000	time 23.1
acc per fact 0/199=0.0000	acc per relation 0.0	avg iter 1.0	num_max_mask 1
[dynet] random seed: 2710098542
[dynet] allocating memory: 512MB
[dynet] memory allocation done.
load data
load model
pid P102	acc 0.0000/0.0000	len_acc 0.0025/0.0025	prompt [X] tagja a [Y] politikai pártnak .
pid P102	#fact 200	#notrans 0	#notexist 0	#multiword 200,False	#singleword 0,False	oracle 0.0000	time 23.7
acc per fact 0/200=0.0000	acc per relation 0.0	avg iter 1.0	num_max_mask 56
[dynet] random seed: 1436060160
[dynet] allocating memory: 512MB
[dynet] memory allocation done.
load data
load model
pid P1303	acc 0.0000/0.0000	len_acc 0.1475/0.1475	prompt [X] [Y.ON+ESS] játszik .
pid P1303	#fact 200	#notrans 0	#notexist 0	#multiword 191,False	#singleword 9,False	oracle 0.0000	time 23.1
acc per fact 0/200=0.0000	acc per relation 0.0	avg iter 1.0	num_max_mask 0
[dynet] random seed: 2091565070
[dynet] allocating memory: 512MB
[dynet] memory allocation done.
load data
load model
pid P159	acc 0.0000/0.0000	len_acc 0.2474/0.2474	prompt [X] központja [Y.IN+ESS] található .
pid P159	#fact 192	#notrans 0	#notexist 1	#multiword 140,False	#singleword 52,False	oracle 0.0000	time 23.3
acc per fact 0/192=0.0000	acc per relation 0.0	avg iter 1.0	num_max_mask 0
[dynet] random seed: 2136648168
[dynet] allocating memory: 512MB
[dynet] memory allocation done.
load data
load model
pid P17	acc 0.0000/0.0000	len_acc 0.2641/0.2641	prompt [X] [Y.IN+ESS] található .
pid P17	#fact 195	#notrans 0	#notexist 1	#multiword 185,False	#singleword 10,False	oracle 0.0000	time 22.6
acc per fact 0/195=0.0000	acc per relation 0.0	avg iter 1.0	num_max_mask 0
[dynet] random seed: 2673521418
[dynet] allocating memory: 512MB
[dynet] memory allocation done.
load data
load model
pid P27	acc 0.0000/0.0000	len_acc 0.4000/0.4000	prompt [X] egy [Y] állampolgár .
pid P27	#fact 600	#notrans 0	#notexist 0	#multiword 599,False	#singleword 1,False	oracle 0.0000	time 70.6
acc per fact 0/600=0.0000	acc per relation 0.0	avg iter 1.0	num_max_mask 0
[dynet] random seed: 217504321
[dynet] allocating memory: 512MB
[dynet] memory allocation done.
load data
load model
pid P449	acc 0.0000/0.0000	len_acc 0.0989/0.0989	prompt [X] eredetileg [Y.ON+ESS] sugározták .
pid P449	#fact 91	#notrans 0	#notexist 1	#multiword 79,False	#singleword 12,False	oracle 0.0000	time 10.8
acc per fact 0/91=0.0000	acc per relation 0.0	avg iter 1.0	num_max_mask 0
[dynet] random seed: 1163189080
[dynet] allocating memory: 512MB
[dynet] memory allocation done.
load data
load model
pid P495	acc 0.0000/0.0000	len_acc 0.2554/0.2554	prompt [X.ACC] [Y.IN+ESS] készítették .
pid P495	#fact 92	#notrans 0	#notexist 1	#multiword 89,False	#singleword 3,False	oracle 0.0000	time 10.8
acc per fact 0/92=0.0000	acc per relation 0.0	avg iter 1.0	num_max_mask 0
[dynet] random seed: 307845159
[dynet] allocating memory: 512MB
[dynet] memory allocation done.
load data
load model
pid P54	acc 0.0000/0.0000	len_acc 0.1825/0.1825	prompt [X] [Y.IN+ESS] játszik .
pid P54	#fact 200	#notrans 0	#notexist 0	#multiword 184,False	#singleword 16,False	oracle 0.0000	time 23.3
acc per fact 0/200=0.0000	acc per relation 0.0	avg iter 1.0	num_max_mask 0
[dynet] random seed: 1421140161
[dynet] allocating memory: 512MB
[dynet] memory allocation done.
load data
load model
pid P102	acc 0.0000/0.0000	len_acc 0.0025/0.0025	prompt [X] is lid van de [Y] politieke partij .
pid P102	#fact 200	#notrans 0	#notexist 0	#multiword 200,False	#singleword 0,False	oracle 0.0000	time 23.6
acc per fact 0/200=0.0000	acc per relation 0.0	avg iter 1.0	num_max_mask 0
[dynet] random seed: 3294752035
[dynet] allocating memory: 512MB
[dynet] memory allocation done.
load data
load model
pid P1303	acc 0.0050/0.0050	len_acc 0.0450/0.0450	prompt [X] speelt [Y] .
pid P1303	#fact 200	#notrans 0	#notexist 0	#multiword 148,False	#singleword 52,False	oracle 0.0100	time 23.4
acc per fact 2/200=0.0100	acc per relation 0.009999999999995	avg iter 1.0	num_max_mask 0
[dynet] random seed: 2246176583
[dynet] allocating memory: 512MB
[dynet] memory allocation done.
load data
load model
pid P159	acc 0.1025/0.1025	len_acc 0.2750/0.2750	prompt Het hoofdkantoor van [X] staat in [Y] .
pid P159	#fact 200	#notrans 0	#notexist 0	#multiword 111,False	#singleword 89,False	oracle 0.2050	time 23.8
acc per fact 41/200=0.2050	acc per relation 0.20499999999989751	avg iter 1.0	num_max_mask 0
[dynet] random seed: 2896373171
[dynet] allocating memory: 512MB
[dynet] memory allocation done.
load data
load model
pid P17	acc 0.0000/0.0000	len_acc 0.0275/0.0275	prompt [X] bevindt zich in [Y] .
pid P17	#fact 200	#notrans 0	#notexist 0	#multiword 196,False	#singleword 4,False	oracle 0.0000	time 23.1
acc per fact 0/200=0.0000	acc per relation 0.0	avg iter 1.0	num_max_mask 0
[dynet] random seed: 357244079
[dynet] allocating memory: 512MB
[dynet] memory allocation done.
load data
load model
pid P27	acc 0.0000/0.0000	len_acc 0.0225/0.0225	prompt [X] is [Y] burger .
pid P27	#fact 600	#notrans 0	#notexist 0	#multiword 595,False	#singleword 5,False	oracle 0.0000	time 70.2
acc per fact 0/600=0.0000	acc per relation 0.0	avg iter 1.0	num_max_mask 0
[dynet] random seed: 600193585
[dynet] allocating memory: 512MB
[dynet] memory allocation done.
load data
load model
pid P449	acc 0.0076/0.0076	len_acc 0.0303/0.0303	prompt [X] werd oorspronkelijk uitgezonden op [Y] .
pid P449	#fact 198	#notrans 0	#notexist 2	#multiword 189,False	#singleword 9,False	oracle 0.0152	time 23.0
acc per fact 3/198=0.0152	acc per relation 0.0151515151515075	avg iter 1.0	num_max_mask 0
[dynet] random seed: 2126079525
[dynet] allocating memory: 512MB
[dynet] memory allocation done.
load data
load model
pid P495	acc 0.0000/0.0000	len_acc 0.0505/0.0505	prompt [X] is gemaakt in [Y] .
pid P495	#fact 198	#notrans 0	#notexist 2	#multiword 197,False	#singleword 1,False	oracle 0.0000	time 23.1
acc per fact 0/198=0.0000	acc per relation 0.0	avg iter 1.0	num_max_mask 0
[dynet] random seed: 2290087117
[dynet] allocating memory: 512MB
[dynet] memory allocation done.
load data
load model
pid P54	acc 0.0000/0.0000	len_acc 0.0875/0.0875	prompt [X] speelt met [Y] .
pid P54	#fact 200	#notrans 0	#notexist 0	#multiword 180,False	#singleword 20,False	oracle 0.0000	time 23.4
acc per fact 0/200=0.0000	acc per relation 0.0	avg iter 1.0	num_max_mask 2
[dynet] random seed: 2487245370
[dynet] allocating memory: 512MB
[dynet] memory allocation done.
load data
load model
pid P102	acc 0.0000/0.0000	len_acc 0.0081/0.0081	prompt [X] is lid van de [Y] politieke partij .
pid P102	#fact 186	#notrans 0	#notexist 0	#multiword 186,False	#singleword 0,False	oracle 0.0000	time 21.9
acc per fact 0/186=0.0000	acc per relation 0.0	avg iter 1.0	num_max_mask 3
[dynet] random seed: 2237320654
[dynet] allocating memory: 512MB
[dynet] memory allocation done.
load data
load model
pid P1303	acc 0.0000/0.0000	len_acc 0.1505/0.1505	prompt [X] speelt [Y] .
pid P1303	#fact 196	#notrans 0	#notexist 1	#multiword 106,False	#singleword 90,False	oracle 0.0000	time 22.8
acc per fact 0/196=0.0000	acc per relation 0.0	avg iter 1.0	num_max_mask 0
[dynet] random seed: 118100219
[dynet] allocating memory: 512MB
[dynet] memory allocation done.
load data
load model
pid P159	acc 0.0270/0.0270	len_acc 0.1189/0.1189	prompt Het hoofdkantoor van [X] staat in [Y] .
pid P159	#fact 185	#notrans 0	#notexist 0	#multiword 174,False	#singleword 11,False	oracle 0.0541	time 22.0
acc per fact 10/185=0.0541	acc per relation 0.05405405405402484	avg iter 1.0	num_max_mask 0
[dynet] random seed: 3306718685
[dynet] allocating memory: 512MB
[dynet] memory allocation done.
load data
load model
pid P17	acc 0.0108/0.0108	len_acc 0.1054/0.1054	prompt [X] bevindt zich in [Y] .
pid P17	#fact 185	#notrans 0	#notexist 0	#multiword 180,False	#singleword 5,False	oracle 0.0216	time 21.7
acc per fact 4/185=0.0216	acc per relation 0.021621621621609934	avg iter 1.0	num_max_mask 0
[dynet] random seed: 112894393
[dynet] allocating memory: 512MB
[dynet] memory allocation done.
load data
load model
pid P27	acc 0.0000/0.0000	len_acc 0.1718/0.1718	prompt [X] is [Y] burger .
pid P27	#fact 582	#notrans 0	#notexist 1	#multiword 579,False	#singleword 3,False	oracle 0.0000	time 68.4
acc per fact 0/582=0.0000	acc per relation 0.0	avg iter 1.0	num_max_mask 0
[dynet] random seed: 37425035
[dynet] allocating memory: 512MB
[dynet] memory allocation done.
load data
load model
pid P449	acc 0.0000/0.0000	len_acc 0.0566/0.0566	prompt [X] werd oorspronkelijk uitgezonden op [Y] .
pid P449	#fact 53	#notrans 0	#notexist 2	#multiword 39,False	#singleword 14,False	oracle 0.0000	time 6.3
acc per fact 0/53=0.0000	acc per relation 0.0	avg iter 1.0	num_max_mask 0
[dynet] random seed: 455634776
[dynet] allocating memory: 512MB
[dynet] memory allocation done.
load data
load model
pid P495	acc 0.0377/0.0377	len_acc 0.1321/0.1321	prompt [X] is gemaakt in [Y] .
pid P495	#fact 53	#notrans 0	#notexist 2	#multiword 48,False	#singleword 5,False	oracle 0.0755	time 6.2
acc per fact 4/53=0.0755	acc per relation 0.07547169811306514	avg iter 1.0	num_max_mask 0
[dynet] random seed: 1323671772
[dynet] allocating memory: 512MB
[dynet] memory allocation done.
load data
load model
pid P54	acc 0.0000/0.0000	len_acc 0.1000/0.1000	prompt [X] speelt met [Y] .
pid P54	#fact 200	#notrans 0	#notexist 0	#multiword 195,False	#singleword 5,False	oracle 0.0000	time 23.4
acc per fact 0/200=0.0000	acc per relation 0.0	avg iter 1.0	num_max_mask 0
[dynet] random seed: 174141128
[dynet] allocating memory: 512MB
[dynet] memory allocation done.
load data
load model
pid P102	acc 0.0000/0.0000	len_acc 0.0050/0.0050	prompt [X] is lid van de [Y] politieke partij .
pid P102	#fact 200	#notrans 0	#notexist 0	#multiword 200,False	#singleword 0,False	oracle 0.0000	time 23.3
acc per fact 0/200=0.0000	acc per relation 0.0	avg iter 1.0	num_max_mask 26
[dynet] random seed: 2665434036
[dynet] allocating memory: 512MB
[dynet] memory allocation done.
load data
load model
pid P1303	acc 0.0025/0.0025	len_acc 0.0550/0.0550	prompt [X] speelt [Y] .
pid P1303	#fact 200	#notrans 0	#notexist 0	#multiword 157,False	#singleword 43,False	oracle 0.0050	time 23.7
acc per fact 1/200=0.0050	acc per relation 0.0049999999999975	avg iter 1.0	num_max_mask 0
[dynet] random seed: 3501645829
[dynet] allocating memory: 512MB
[dynet] memory allocation done.
load data
load model
pid P159	acc 0.0653/0.0653	len_acc 0.3492/0.3492	prompt Het hoofdkantoor van [X] staat in [Y] .
pid P159	#fact 199	#notrans 0	#notexist 0	#multiword 97,False	#singleword 102,False	oracle 0.1307	time 23.8
acc per fact 26/199=0.1307	acc per relation 0.13065326633159263	avg iter 1.0	num_max_mask 0
[dynet] random seed: 365180727
[dynet] allocating memory: 512MB
[dynet] memory allocation done.
load data
load model
pid P17	acc 0.0125/0.0125	len_acc 0.1300/0.1300	prompt [X] bevindt zich in [Y] .
pid P17	#fact 200	#notrans 0	#notexist 0	#multiword 6,False	#singleword 194,False	oracle 0.0250	time 23.2
acc per fact 5/200=0.0250	acc per relation 0.0249999999999875	avg iter 1.0	num_max_mask 0
[dynet] random seed: 2883316815
[dynet] allocating memory: 512MB
[dynet] memory allocation done.
load data
load model
pid P27	acc 0.0000/0.0000	len_acc 0.0108/0.0108	prompt [X] is [Y] burger .
pid P27	#fact 600	#notrans 0	#notexist 0	#multiword 594,False	#singleword 6,False	oracle 0.0000	time 69.7
acc per fact 0/600=0.0000	acc per relation 0.0	avg iter 1.0	num_max_mask 0
[dynet] random seed: 1058541566
[dynet] allocating memory: 512MB
[dynet] memory allocation done.
load data
load model
pid P449	acc 0.0025/0.0025	len_acc 0.0450/0.0450	prompt [X] werd oorspronkelijk uitgezonden op [Y] .
pid P449	#fact 200	#notrans 0	#notexist 0	#multiword 173,False	#singleword 27,False	oracle 0.0050	time 24.1
acc per fact 1/200=0.0050	acc per relation 0.0049999999999975	avg iter 1.0	num_max_mask 1
[dynet] random seed: 3327167892
[dynet] allocating memory: 512MB
[dynet] memory allocation done.
load data
load model
pid P495	acc 0.0325/0.0325	len_acc 0.1575/0.1575	prompt [X] is gemaakt in [Y] .
pid P495	#fact 200	#notrans 0	#notexist 0	#multiword 1,False	#singleword 199,False	oracle 0.0650	time 23.7
acc per fact 13/200=0.0650	acc per relation 0.0649999999999675	avg iter 1.0	num_max_mask 0
[dynet] random seed: 542598794
[dynet] allocating memory: 512MB
[dynet] memory allocation done.
load data
load model
pid P54	acc 0.0000/0.0000	len_acc 0.0800/0.0800	prompt [X] speelt met [Y] .
pid P54	#fact 200	#notrans 0	#notexist 0	#multiword 182,False	#singleword 18,False	oracle 0.0000	time 23.4
acc per fact 0/200=0.0000	acc per relation 0.0	avg iter 1.0	num_max_mask 0
Prompt P102 done, 1 out of 8 prompts.
Prompt P1303 done, 2 out of 8 prompts.
Prompt P159 done, 3 out of 8 prompts.
Prompt P17 done, 4 out of 8 prompts.
Prompt P27 done, 5 out of 8 prompts.
Prompt P449 done, 6 out of 8 prompts.
Prompt P495 done, 7 out of 8 prompts.
Prompt P54 done, 8 out of 8 prompts.
Prompt language en done.
Prompt P102 done, 1 out of 8 prompts.
Prompt P1303 done, 2 out of 8 prompts.
Prompt P159 done, 3 out of 8 prompts.
Prompt P17 done, 4 out of 8 prompts.
Prompt P27 done, 5 out of 8 prompts.
Prompt P449 done, 6 out of 8 prompts.
Prompt P495 done, 7 out of 8 prompts.
Prompt P54 done, 8 out of 8 prompts.
Prompt language hu done.
Prompt P102 done, 1 out of 8 prompts.
Prompt P1303 done, 2 out of 8 prompts.
Prompt P159 done, 3 out of 8 prompts.
Prompt P17 done, 4 out of 8 prompts.
Prompt P27 done, 5 out of 8 prompts.
Prompt P449 done, 6 out of 8 prompts.
Prompt P495 done, 7 out of 8 prompts.
Prompt P54 done, 8 out of 8 prompts.
Prompt language nl done.
Model language en done.
Prompt P102 done, 1 out of 8 prompts.
Prompt P1303 done, 2 out of 8 prompts.
Prompt P159 done, 3 out of 8 prompts.
Prompt P17 done, 4 out of 8 prompts.
Prompt P27 done, 5 out of 8 prompts.
Prompt P449 done, 6 out of 8 prompts.
Prompt P495 done, 7 out of 8 prompts.
Prompt P54 done, 8 out of 8 prompts.
Prompt language en done.
Prompt P102 done, 1 out of 8 prompts.
Prompt P1303 done, 2 out of 8 prompts.
Prompt P159 done, 3 out of 8 prompts.
Prompt P17 done, 4 out of 8 prompts.
Prompt P27 done, 5 out of 8 prompts.
Prompt P449 done, 6 out of 8 prompts.
Prompt P495 done, 7 out of 8 prompts.
Prompt P54 done, 8 out of 8 prompts.
Prompt language hu done.
Prompt P102 done, 1 out of 8 prompts.
Prompt P1303 done, 2 out of 8 prompts.
Prompt P159 done, 3 out of 8 prompts.
Prompt P17 done, 4 out of 8 prompts.
Prompt P27 done, 5 out of 8 prompts.
Prompt P449 done, 6 out of 8 prompts.
Prompt P495 done, 7 out of 8 prompts.
Prompt P54 done, 8 out of 8 prompts.
Prompt language nl done.
Model language hu done.
Prompt P102 done, 1 out of 8 prompts.
Prompt P1303 done, 2 out of 8 prompts.
Prompt P159 done, 3 out of 8 prompts.
Prompt P17 done, 4 out of 8 prompts.
Prompt P27 done, 5 out of 8 prompts.
Prompt P449 done, 6 out of 8 prompts.
Prompt P495 done, 7 out of 8 prompts.
Prompt P54 done, 8 out of 8 prompts.
Prompt language en done.
Prompt P102 done, 1 out of 8 prompts.
Prompt P1303 done, 2 out of 8 prompts.
Prompt P159 done, 3 out of 8 prompts.
Prompt P17 done, 4 out of 8 prompts.
Prompt P27 done, 5 out of 8 prompts.
Prompt P449 done, 6 out of 8 prompts.
Prompt P495 done, 7 out of 8 prompts.
Prompt P54 done, 8 out of 8 prompts.
Prompt language hu done.
Prompt P102 done, 1 out of 8 prompts.
Prompt P1303 done, 2 out of 8 prompts.
Prompt P159 done, 3 out of 8 prompts.
Prompt P17 done, 4 out of 8 prompts.
Prompt P27 done, 5 out of 8 prompts.
Prompt P449 done, 6 out of 8 prompts.
Prompt P495 done, 7 out of 8 prompts.
Prompt P54 done, 8 out of 8 prompts.
Prompt language nl done.
Model language nl done.
